2020-10-19 08:00:00,707 - root - INFO - ############################### START ###############################
2020-10-19 08:00:03,844 - root - INFO - SUCCESS    Start a new browser: Chrome, Spend 3.137580633163452 seconds
2020-10-19 08:00:05,959 - root - INFO - SUCCESS    Set browser window maximized, Spend 2.1143455505371094 seconds
2020-10-19 08:00:09,035 - root - INFO - SUCCESS    Navigated to https://e.qq.com/, Spend 3.075774669647217 seconds
2020-10-19 08:00:09,074 - root - INFO - SUCCESS    Clicked element: <id->mlogin>, Spend 0.03989291191101074 seconds
2020-10-19 08:00:25,183 - root - INFO - SUCCESS    Switch to frame element: <id->qqLoginFrame>, Spend 6.107662200927734 seconds
2020-10-19 08:00:26,208 - root - INFO - SUCCESS    Switch to frame element: <id->ptlogin_iframe>, Spend 0.023746967315673828 seconds
2020-10-19 08:00:26,299 - root - INFO - SUCCESS    Clicked element: <id->img_out_1456904332>, Spend 0.09073305130004883 seconds
2020-10-19 08:00:33,328 - root - INFO - SUCCESS    From js: <window.open('https://ad.qq.com/atlas/17567682/report/analytic?')> open a new window and swich into, Spend 2.0273945331573486 seconds
2020-10-19 08:00:35,460 - root - INFO - SUCCESS    Clicked element: <xpath->//*[@id="content"]/div/div/div/div[2]/div[1]/div/div[1]/div[4]/div/div/div/button[2]>, Spend 2.1313226222991943 seconds
2020-10-19 08:00:36,492 - root - INFO - SUCCESS    Get element text element: <xpath->//*[@id="table-id"]/div[2]/div/table/tfoot/tr/td[7]/div>, Spend 1.0322046279907227 seconds,text:<22,119.60>
2020-10-19 08:00:36,516 - root - INFO - SUCCESS    Get element text element: <xpath->//*[@id="table-id"]/div[2]/div/table/tfoot/tr/td[3]/div>, Spend 0.023936033248901367 seconds,text:<516,184>
2020-10-19 08:00:36,541 - root - INFO - SUCCESS    Get element text element: <xpath->//*[@id="table-id"]/div[2]/div/table/tfoot/tr/td[4]/div>, Spend 0.02493429183959961 seconds,text:<2,841>
2020-10-19 08:00:36,565 - root - INFO - SUCCESS    Get element text element: <xpath->//*[@id="table-id"]/div[2]/div/table/tfoot/tr/td[8]/div>, Spend 0.022937536239624023 seconds,text:<68>
2020-10-19 08:00:36,589 - root - INFO - SUCCESS    Get element text element: <xpath->//*[@id="table-id"]/div[2]/div/table/tfoot/tr/td[10]/div>, Spend 0.02390766143798828 seconds,text:<53>
2020-10-19 08:00:38,621 - root - INFO - SUCCESS    From js: <window.open('https://ad.qq.com/atlas/17567678/report/analytic?')> open a new window and swich into, Spend 2.031566619873047 seconds
2020-10-19 08:00:40,754 - root - INFO - SUCCESS    Clicked element: <xpath->//*[@id="content"]/div/div/div/div[2]/div[1]/div/div[1]/div[4]/div/div/div/button[2]>, Spend 2.132326602935791 seconds
2020-10-19 08:00:41,787 - root - INFO - SUCCESS    Get element text element: <xpath->//*[@id="table-id"]/div[2]/div/table/tfoot/tr/td[2]/div>, Spend 1.033207654953003 seconds,text:<29,026.69>
2020-10-19 08:00:41,806 - root - INFO - SUCCESS    Get element text element: <xpath->//*[@id="table-id"]/div[2]/div/table/tfoot/tr/td[7]/div>, Spend 0.018949031829833984 seconds,text:<581,237>
2020-10-19 08:00:41,829 - root - INFO - SUCCESS    Get element text element: <xpath->//*[@id="table-id"]/div[2]/div/table/tfoot/tr/td[8]/div>, Spend 0.022939205169677734 seconds,text:<4,396>
2020-10-19 08:00:41,850 - root - INFO - SUCCESS    Get element text element: <xpath->//*[@id="table-id"]/div[2]/div/table/tfoot/tr/td[3]/div>, Spend 0.019946575164794922 seconds,text:<104>
2020-10-19 08:00:41,876 - root - INFO - SUCCESS    Get element text element: <xpath->//*[@id="table-id"]/div[2]/div/table/tfoot/tr/td[5]/div>, Spend 0.024932861328125 seconds,text:<89>
2020-10-19 08:00:43,908 - root - INFO - SUCCESS    From js: <window.open('https://docs.qq.com/sheet/DU1F6UVF4a2J4ZkdI?tab=bb08j2')> open a new window and swich into, Spend 2.032536029815674 seconds
2020-10-19 08:00:45,966 - root - INFO - SUCCESS    Clicked element: <xpath->//*[@id="blankpage-button-pc"]>, Spend 2.0565006732940674 seconds
2020-10-19 08:00:47,019 - root - INFO - SUCCESS    Switch to frame element: <id->login_frame>, Spend 1.0531830787658691 seconds
2020-10-19 08:00:47,077 - root - INFO - SUCCESS    Clicked element: <id->img_out_1456904332>, Spend 0.05787396430969238 seconds
2020-10-19 08:00:52,460 - root - INFO - SUCCESS    Double click (440,187) Spend 0.3818240165710449 seconds
2020-10-19 08:00:53,257 - root - INFO - SUCCESS    Element <xpath->//*[@id="alloy-rich-text-editor"]/span> type content: 2020-10-19,and sleep 0.5 seconds,input TAB key, Spend 0.7968688011169434 seconds
2020-10-19 08:00:53,597 - root - INFO - SUCCESS    Double click (40,0) Spend 0.3390934467315674 seconds
2020-10-19 08:00:54,292 - root - INFO - SUCCESS    Element <xpath->//*[@id="alloy-rich-text-editor"]/span> type content: 00:00~8:00,and sleep 0.5 seconds,input TAB key, Spend 0.6941442489624023 seconds
2020-10-19 08:00:54,646 - root - INFO - SUCCESS    Double click (100,0) Spend 0.35205817222595215 seconds
2020-10-19 08:00:55,341 - root - INFO - SUCCESS    Element <xpath->//*[@id="alloy-rich-text-editor"]/span> type content: 22,119.60,and sleep 0.5 seconds,input TAB key, Spend 0.6951117515563965 seconds
2020-10-19 08:00:55,690 - root - INFO - SUCCESS    Double click (100,0) Spend 0.3480417728424072 seconds
2020-10-19 08:00:56,372 - root - INFO - SUCCESS    Element <xpath->//*[@id="alloy-rich-text-editor"]/span> type content: 516,184,and sleep 0.5 seconds,input TAB key, Spend 0.6821744441986084 seconds
2020-10-19 08:00:56,707 - root - INFO - SUCCESS    Double click (90,0) Spend 0.33510470390319824 seconds
2020-10-19 08:00:57,402 - root - INFO - SUCCESS    Element <xpath->//*[@id="alloy-rich-text-editor"]/span> type content: 2,841,and sleep 0.5 seconds,input TAB key, Spend 0.6951401233673096 seconds
2020-10-19 08:00:57,734 - root - INFO - SUCCESS    Double click (160,0) Spend 0.3311147689819336 seconds
2020-10-19 08:00:58,415 - root - INFO - SUCCESS    Element <xpath->//*[@id="alloy-rich-text-editor"]/span> type content: 68,and sleep 0.5 seconds,input TAB key, Spend 0.6801495552062988 seconds
2020-10-19 08:00:58,757 - root - INFO - SUCCESS    Double click (70,0) Spend 0.3420858383178711 seconds
2020-10-19 08:00:59,431 - root - INFO - SUCCESS    Element <xpath->//*[@id="alloy-rich-text-editor"]/span> type content: 53,and sleep 0.5 seconds,input TAB key, Spend 0.6741962432861328 seconds
2020-10-19 08:00:59,801 - root - INFO - SUCCESS    Double click (-440,20) Spend 0.36901426315307617 seconds
2020-10-19 08:01:00,490 - root - INFO - SUCCESS    Element <xpath->//*[@id="alloy-rich-text-editor"]/span> type content: 29,026.69,and sleep 0.5 seconds,input TAB key, Spend 0.687201976776123 seconds
2020-10-19 08:01:00,829 - root - INFO - SUCCESS    Double click (100,0) Spend 0.3390951156616211 seconds
2020-10-19 08:01:01,507 - root - INFO - SUCCESS    Element <xpath->//*[@id="alloy-rich-text-editor"]/span> type content: 581,237,and sleep 0.5 seconds,input TAB key, Spend 0.676163911819458 seconds
2020-10-19 08:01:01,848 - root - INFO - SUCCESS    Double click (90,0) Spend 0.34111809730529785 seconds
2020-10-19 08:01:02,527 - root - INFO - SUCCESS    Element <xpath->//*[@id="alloy-rich-text-editor"]/span> type content: 4,396,and sleep 0.5 seconds,input TAB key, Spend 0.6771576404571533 seconds
2020-10-19 08:01:02,860 - root - INFO - SUCCESS    Double click (160,0) Spend 0.33313822746276855 seconds
2020-10-19 08:01:03,534 - root - INFO - SUCCESS    Element <xpath->//*[@id="alloy-rich-text-editor"]/span> type content: 104,and sleep 0.5 seconds,input TAB key, Spend 0.6732115745544434 seconds
2020-10-19 08:01:03,865 - root - INFO - SUCCESS    Double click (70,0) Spend 0.33011698722839355 seconds
2020-10-19 08:01:04,533 - root - INFO - SUCCESS    Element <xpath->//*[@id="alloy-rich-text-editor"]/span> type content: 89,and sleep 0.5 seconds,input TAB key, Spend 0.668184757232666 seconds
2020-10-19 08:01:07,650 - root - INFO - SUCCESS    Closed all window and quit the driver, Spend 2.115499258041382 seconds
2020-10-19 08:01:07,651 - root - INFO - ###############################  End  ###############################
2020-10-19 08:01:13,177 - root - INFO - 发送邮件成功
2020-10-19 10:00:01,351 - root - INFO - ############################### START ###############################
2020-10-19 10:00:04,628 - root - INFO - SUCCESS    Start a new browser: Chrome, Spend 3.2672550678253174 seconds
2020-10-19 10:00:06,752 - root - INFO - SUCCESS    Set browser window maximized, Spend 2.124316692352295 seconds
2020-10-19 10:00:09,360 - root - INFO - SUCCESS    Navigated to https://e.qq.com/, Spend 2.608023166656494 seconds
2020-10-19 10:00:09,404 - root - INFO - SUCCESS    Clicked element: <id->mlogin>, Spend 0.043882131576538086 seconds
2020-10-19 10:00:25,597 - root - INFO - SUCCESS    Switch to frame element: <id->qqLoginFrame>, Spend 6.191244602203369 seconds
2020-10-19 10:00:26,622 - root - INFO - SUCCESS    Switch to frame element: <id->ptlogin_iframe>, Spend 0.024933338165283203 seconds
2020-10-19 10:00:26,717 - root - INFO - SUCCESS    Clicked element: <id->img_out_1456904332>, Spend 0.09474754333496094 seconds
2020-10-19 10:00:33,750 - root - INFO - SUCCESS    From js: <window.open('https://ad.qq.com/atlas/17567682/report/analytic?')> open a new window and swich into, Spend 2.0313775539398193 seconds
2020-10-19 10:00:35,906 - root - INFO - SUCCESS    Clicked element: <xpath->//*[@id="content"]/div/div/div/div[2]/div[1]/div/div[1]/div[4]/div/div/div/button[2]>, Spend 2.156230926513672 seconds
2020-10-19 10:00:36,941 - root - INFO - SUCCESS    Get element text element: <xpath->//*[@id="table-id"]/div[2]/div/table/tfoot/tr/td[7]/div>, Spend 1.0352308750152588 seconds,text:<34,661.37>
2020-10-19 10:00:36,964 - root - INFO - SUCCESS    Get element text element: <xpath->//*[@id="table-id"]/div[2]/div/table/tfoot/tr/td[3]/div>, Spend 0.02194070816040039 seconds,text:<877,735>
2020-10-19 10:00:36,989 - root - INFO - SUCCESS    Get element text element: <xpath->//*[@id="table-id"]/div[2]/div/table/tfoot/tr/td[4]/div>, Spend 0.024933576583862305 seconds,text:<4,419>
2020-10-19 10:00:37,014 - root - INFO - SUCCESS    Get element text element: <xpath->//*[@id="table-id"]/div[2]/div/table/tfoot/tr/td[8]/div>, Spend 0.023935317993164062 seconds,text:<106>
2020-10-19 10:00:37,038 - root - INFO - SUCCESS    Get element text element: <xpath->//*[@id="table-id"]/div[2]/div/table/tfoot/tr/td[10]/div>, Spend 0.022938251495361328 seconds,text:<85>
2020-10-19 10:00:39,079 - root - INFO - SUCCESS    From js: <window.open('https://ad.qq.com/atlas/17567678/report/analytic?')> open a new window and swich into, Spend 2.040541410446167 seconds
2020-10-19 10:00:41,228 - root - INFO - SUCCESS    Clicked element: <xpath->//*[@id="content"]/div/div/div/div[2]/div[1]/div/div[1]/div[4]/div/div/div/button[2]>, Spend 2.1482555866241455 seconds
2020-10-19 10:00:42,258 - root - INFO - SUCCESS    Get element text element: <xpath->//*[@id="table-id"]/div[2]/div/table/tfoot/tr/td[2]/div>, Spend 1.0302436351776123 seconds,text:<50,392.71>
2020-10-19 10:00:42,282 - root - INFO - SUCCESS    Get element text element: <xpath->//*[@id="table-id"]/div[2]/div/table/tfoot/tr/td[7]/div>, Spend 0.023935317993164062 seconds,text:<1,102,088>
2020-10-19 10:00:42,304 - root - INFO - SUCCESS    Get element text element: <xpath->//*[@id="table-id"]/div[2]/div/table/tfoot/tr/td[8]/div>, Spend 0.021940231323242188 seconds,text:<7,287>
2020-10-19 10:00:42,330 - root - INFO - SUCCESS    Get element text element: <xpath->//*[@id="table-id"]/div[2]/div/table/tfoot/tr/td[3]/div>, Spend 0.023935556411743164 seconds,text:<190>
2020-10-19 10:00:42,353 - root - INFO - SUCCESS    Get element text element: <xpath->//*[@id="table-id"]/div[2]/div/table/tfoot/tr/td[5]/div>, Spend 0.02194070816040039 seconds,text:<160>
2020-10-19 10:00:44,393 - root - INFO - SUCCESS    From js: <window.open('https://docs.qq.com/sheet/DU1F6UVF4a2J4ZkdI?tab=bb08j2')> open a new window and swich into, Spend 2.0405426025390625 seconds
2020-10-19 10:00:46,442 - root - INFO - SUCCESS    Clicked element: <xpath->//*[@id="blankpage-button-pc"]>, Spend 2.0485188961029053 seconds
2020-10-19 10:00:47,482 - root - INFO - SUCCESS    Switch to frame element: <id->login_frame>, Spend 1.038221836090088 seconds
2020-10-19 10:00:47,545 - root - INFO - SUCCESS    Clicked element: <id->img_out_1456904332>, Spend 0.06285810470581055 seconds
2020-10-19 10:00:52,915 - root - INFO - SUCCESS    Double click (440,187) Spend 0.3678297996520996 seconds
2020-10-19 10:00:53,668 - root - INFO - SUCCESS    Element <xpath->//*[@id="alloy-rich-text-editor"]/span> type content: 2020-10-19,and sleep 0.5 seconds,input TAB key, Spend 0.7529857158660889 seconds
2020-10-19 10:00:54,013 - root - INFO - SUCCESS    Double click (40,0) Spend 0.345076322555542 seconds
2020-10-19 10:00:54,712 - root - INFO - SUCCESS    Element <xpath->//*[@id="alloy-rich-text-editor"]/span> type content: 00:00~10:00,and sleep 0.5 seconds,input TAB key, Spend 0.699129581451416 seconds
2020-10-19 10:00:55,054 - root - INFO - SUCCESS    Double click (100,0) Spend 0.342085599899292 seconds
2020-10-19 10:00:55,772 - root - INFO - SUCCESS    Element <xpath->//*[@id="alloy-rich-text-editor"]/span> type content: 34,661.37,and sleep 0.5 seconds,input TAB key, Spend 0.7181069850921631 seconds
2020-10-19 10:00:56,113 - root - INFO - SUCCESS    Double click (100,0) Spend 0.34105873107910156 seconds
2020-10-19 10:00:56,807 - root - INFO - SUCCESS    Element <xpath->//*[@id="alloy-rich-text-editor"]/span> type content: 877,735,and sleep 0.5 seconds,input TAB key, Spend 0.6931467056274414 seconds
2020-10-19 10:00:57,132 - root - INFO - SUCCESS    Double click (90,0) Spend 0.32509946823120117 seconds
2020-10-19 10:00:57,830 - root - INFO - SUCCESS    Element <xpath->//*[@id="alloy-rich-text-editor"]/span> type content: 4,419,and sleep 0.5 seconds,input TAB key, Spend 0.6961078643798828 seconds
2020-10-19 10:00:58,154 - root - INFO - SUCCESS    Double click (160,0) Spend 0.3231372833251953 seconds
2020-10-19 10:00:58,834 - root - INFO - SUCCESS    Element <xpath->//*[@id="alloy-rich-text-editor"]/span> type content: 106,and sleep 0.5 seconds,input TAB key, Spend 0.6791541576385498 seconds
2020-10-19 10:00:59,171 - root - INFO - SUCCESS    Double click (70,0) Spend 0.3370988368988037 seconds
2020-10-19 10:00:59,843 - root - INFO - SUCCESS    Element <xpath->//*[@id="alloy-rich-text-editor"]/span> type content: 85,and sleep 0.5 seconds,input TAB key, Spend 0.671180248260498 seconds
2020-10-19 10:01:00,177 - root - INFO - SUCCESS    Double click (-440,20) Spend 0.3341069221496582 seconds
2020-10-19 10:01:00,865 - root - INFO - SUCCESS    Element <xpath->//*[@id="alloy-rich-text-editor"]/span> type content: 50,392.71,and sleep 0.5 seconds,input TAB key, Spend 0.6871888637542725 seconds
2020-10-19 10:01:01,212 - root - INFO - SUCCESS    Double click (100,0) Spend 0.3470423221588135 seconds
2020-10-19 10:01:01,915 - root - INFO - SUCCESS    Element <xpath->//*[@id="alloy-rich-text-editor"]/span> type content: 1,102,088,and sleep 0.5 seconds,input TAB key, Spend 0.7021210193634033 seconds
2020-10-19 10:01:02,261 - root - INFO - SUCCESS    Double click (90,0) Spend 0.345078706741333 seconds
2020-10-19 10:01:02,995 - root - INFO - SUCCESS    Element <xpath->//*[@id="alloy-rich-text-editor"]/span> type content: 7,287,and sleep 0.5 seconds,input TAB key, Spend 0.7340710163116455 seconds
2020-10-19 10:01:03,337 - root - INFO - SUCCESS    Double click (160,0) Spend 0.3400688171386719 seconds
2020-10-19 10:01:04,026 - root - INFO - SUCCESS    Element <xpath->//*[@id="alloy-rich-text-editor"]/span> type content: 190,and sleep 0.5 seconds,input TAB key, Spend 0.6881279945373535 seconds
2020-10-19 10:01:04,352 - root - INFO - SUCCESS    Double click (70,0) Spend 0.326127290725708 seconds
2020-10-19 10:01:05,034 - root - INFO - SUCCESS    Element <xpath->//*[@id="alloy-rich-text-editor"]/span> type content: 160,and sleep 0.5 seconds,input TAB key, Spend 0.6811776161193848 seconds
2020-10-19 10:01:13,104 - root - INFO - SUCCESS    Closed all window and quit the driver, Spend 3.0688185691833496 seconds
2020-10-19 10:01:13,104 - root - INFO - ###############################  End  ###############################
2020-10-19 10:01:19,851 - root - INFO - 发送邮件成功
2020-10-19 12:00:01,119 - root - INFO - ############################### START ###############################
2020-10-19 12:00:04,426 - root - INFO - SUCCESS    Start a new browser: Chrome, Spend 3.307152509689331 seconds
2020-10-19 12:00:06,548 - root - INFO - SUCCESS    Set browser window maximized, Spend 2.120328426361084 seconds
2020-10-19 12:00:08,644 - root - INFO - SUCCESS    Navigated to https://e.qq.com/, Spend 2.095395565032959 seconds
2020-10-19 12:00:08,701 - root - INFO - SUCCESS    Clicked element: <id->mlogin>, Spend 0.05684852600097656 seconds
2020-10-19 12:00:18,729 - root - INFO - SUCCESS    Switch to frame element: <id->qqLoginFrame>, Spend 0.027732372283935547 seconds
2020-10-19 12:00:19,755 - root - INFO - SUCCESS    Switch to frame element: <id->ptlogin_iframe>, Spend 0.02592921257019043 seconds
2020-10-19 12:00:19,853 - root - INFO - SUCCESS    Clicked element: <id->img_out_1456904332>, Spend 0.09674072265625 seconds
2020-10-19 12:00:26,891 - root - INFO - SUCCESS    From js: <window.open('https://ad.qq.com/atlas/17567682/report/analytic?')> open a new window and swich into, Spend 2.037545680999756 seconds
2020-10-19 12:00:29,054 - root - INFO - SUCCESS    Clicked element: <xpath->//*[@id="content"]/div/div/div/div[2]/div[1]/div/div[1]/div[4]/div/div/div/button[2]>, Spend 2.163212537765503 seconds
2020-10-19 12:00:30,093 - root - INFO - SUCCESS    Get element text element: <xpath->//*[@id="table-id"]/div[2]/div/table/tfoot/tr/td[7]/div>, Spend 1.0361993312835693 seconds,text:<40,015.70>
2020-10-19 12:00:30,119 - root - INFO - SUCCESS    Get element text element: <xpath->//*[@id="table-id"]/div[2]/div/table/tfoot/tr/td[3]/div>, Spend 0.025929689407348633 seconds,text:<1,094,011>
2020-10-19 12:00:30,143 - root - INFO - SUCCESS    Get element text element: <xpath->//*[@id="table-id"]/div[2]/div/table/tfoot/tr/td[4]/div>, Spend 0.022939205169677734 seconds,text:<5,305>
2020-10-19 12:00:30,167 - root - INFO - SUCCESS    Get element text element: <xpath->//*[@id="table-id"]/div[2]/div/table/tfoot/tr/td[8]/div>, Spend 0.024960041046142578 seconds,text:<121>
2020-10-19 12:00:30,190 - root - INFO - SUCCESS    Get element text element: <xpath->//*[@id="table-id"]/div[2]/div/table/tfoot/tr/td[10]/div>, Spend 0.02291131019592285 seconds,text:<98>
2020-10-19 12:00:32,230 - root - INFO - SUCCESS    From js: <window.open('https://ad.qq.com/atlas/17567678/report/analytic?')> open a new window and swich into, Spend 2.0395443439483643 seconds
2020-10-19 12:00:34,384 - root - INFO - SUCCESS    Clicked element: <xpath->//*[@id="content"]/div/div/div/div[2]/div[1]/div/div[1]/div[4]/div/div/div/button[2]>, Spend 2.1532411575317383 seconds
2020-10-19 12:00:35,420 - root - INFO - SUCCESS    Get element text element: <xpath->//*[@id="table-id"]/div[2]/div/table/tfoot/tr/td[2]/div>, Spend 1.0352294445037842 seconds,text:<73,076.63>
2020-10-19 12:00:35,448 - root - INFO - SUCCESS    Get element text element: <xpath->//*[@id="table-id"]/div[2]/div/table/tfoot/tr/td[7]/div>, Spend 0.027926921844482422 seconds,text:<1,584,396>
2020-10-19 12:00:35,471 - root - INFO - SUCCESS    Get element text element: <xpath->//*[@id="table-id"]/div[2]/div/table/tfoot/tr/td[8]/div>, Spend 0.022936344146728516 seconds,text:<10,144>
2020-10-19 12:00:35,494 - root - INFO - SUCCESS    Get element text element: <xpath->//*[@id="table-id"]/div[2]/div/table/tfoot/tr/td[3]/div>, Spend 0.021940946578979492 seconds,text:<264>
2020-10-19 12:00:35,524 - root - INFO - SUCCESS    Get element text element: <xpath->//*[@id="table-id"]/div[2]/div/table/tfoot/tr/td[5]/div>, Spend 0.02994823455810547 seconds,text:<222>
2020-10-19 12:00:37,566 - root - INFO - SUCCESS    From js: <window.open('https://docs.qq.com/sheet/DU1F6UVF4a2J4ZkdI?tab=bb08j2')> open a new window and swich into, Spend 2.041510581970215 seconds
2020-10-19 12:00:39,622 - root - INFO - SUCCESS    Clicked element: <xpath->//*[@id="blankpage-button-pc"]>, Spend 2.056497812271118 seconds
2020-10-19 12:00:41,778 - root - INFO - SUCCESS    Switch to frame element: <id->login_frame>, Spend 2.15523362159729 seconds
2020-10-19 12:00:42,861 - root - INFO - SUCCESS    Clicked element: <id->img_out_1456904332>, Spend 1.0831022262573242 seconds
2020-10-19 12:00:48,131 - root - INFO - SUCCESS    Double click (440,187) Spend 0.2682778835296631 seconds
2020-10-19 12:00:53,526 - root - INFO - FAIL    Unable element <xpath->//*[@id="alloy-rich-text-editor"]/span> type content: 2020-10-19,and sleep 0.5 seconds,input TAB key, Spend 5.394610166549683 seconds
2020-10-19 12:00:55,663 - root - INFO - SUCCESS    Closed all window and quit the driver, Spend 2.1362814903259277 seconds
2020-10-19 12:00:55,663 - root - INFO - ###############################  End  ###############################
2020-10-19 12:01:02,143 - root - INFO - 发送邮件成功
2020-10-19 14:00:01,024 - root - INFO - ############################### START ###############################
2020-10-19 14:00:04,269 - root - INFO - SUCCESS    Start a new browser: Chrome, Spend 3.2293598651885986 seconds
2020-10-19 14:00:06,386 - root - INFO - SUCCESS    Set browser window maximized, Spend 2.1173362731933594 seconds
2020-10-19 14:00:08,572 - root - INFO - SUCCESS    Navigated to https://e.qq.com/, Spend 2.1851532459259033 seconds
2020-10-19 14:00:08,617 - root - INFO - SUCCESS    Clicked element: <id->mlogin>, Spend 0.0438838005065918 seconds
2020-10-19 14:00:24,942 - root - INFO - SUCCESS    Switch to frame element: <id->qqLoginFrame>, Spend 6.323078393936157 seconds
2020-10-19 14:00:25,972 - root - INFO - SUCCESS    Switch to frame element: <id->ptlogin_iframe>, Spend 0.029922008514404297 seconds
2020-10-19 14:00:26,073 - root - INFO - SUCCESS    Clicked element: <id->img_out_1456904332>, Spend 0.10072994232177734 seconds
2020-10-19 14:00:33,113 - root - INFO - SUCCESS    From js: <window.open('https://ad.qq.com/atlas/17567682/report/analytic?')> open a new window and swich into, Spend 2.0383827686309814 seconds
2020-10-19 14:00:35,274 - root - INFO - SUCCESS    Clicked element: <xpath->//*[@id="content"]/div/div/div/div[2]/div[1]/div/div[1]/div[4]/div/div/div/button[2]>, Spend 2.1601943969726562 seconds
2020-10-19 14:00:36,307 - root - INFO - SUCCESS    Get element text element: <xpath->//*[@id="table-id"]/div[2]/div/table/tfoot/tr/td[7]/div>, Spend 1.0332355499267578 seconds,text:<43,105.97>
2020-10-19 14:00:36,331 - root - INFO - SUCCESS    Get element text element: <xpath->//*[@id="table-id"]/div[2]/div/table/tfoot/tr/td[3]/div>, Spend 0.023936033248901367 seconds,text:<1,219,492>
2020-10-19 14:00:36,362 - root - INFO - SUCCESS    Get element text element: <xpath->//*[@id="table-id"]/div[2]/div/table/tfoot/tr/td[4]/div>, Spend 0.029919862747192383 seconds,text:<5,802>
2020-10-19 14:00:36,387 - root - INFO - SUCCESS    Get element text element: <xpath->//*[@id="table-id"]/div[2]/div/table/tfoot/tr/td[8]/div>, Spend 0.0249330997467041 seconds,text:<133>
2020-10-19 14:00:36,412 - root - INFO - SUCCESS    Get element text element: <xpath->//*[@id="table-id"]/div[2]/div/table/tfoot/tr/td[10]/div>, Spend 0.024933576583862305 seconds,text:<109>
2020-10-19 14:00:38,456 - root - INFO - SUCCESS    From js: <window.open('https://ad.qq.com/atlas/17567678/report/analytic?')> open a new window and swich into, Spend 2.0445308685302734 seconds
2020-10-19 14:00:40,605 - root - INFO - SUCCESS    Clicked element: <xpath->//*[@id="content"]/div/div/div/div[2]/div[1]/div/div[1]/div[4]/div/div/div/button[2]>, Spend 2.147254705429077 seconds
2020-10-19 14:00:41,635 - root - INFO - SUCCESS    Get element text element: <xpath->//*[@id="table-id"]/div[2]/div/table/tfoot/tr/td[2]/div>, Spend 1.0302441120147705 seconds,text:<85,577.13>
2020-10-19 14:00:41,661 - root - INFO - SUCCESS    Get element text element: <xpath->//*[@id="table-id"]/div[2]/div/table/tfoot/tr/td[7]/div>, Spend 0.025931119918823242 seconds,text:<1,898,416>
2020-10-19 14:00:41,681 - root - INFO - SUCCESS    Get element text element: <xpath->//*[@id="table-id"]/div[2]/div/table/tfoot/tr/td[8]/div>, Spend 0.01994609832763672 seconds,text:<11,988>
2020-10-19 14:00:41,705 - root - INFO - SUCCESS    Get element text element: <xpath->//*[@id="table-id"]/div[2]/div/table/tfoot/tr/td[3]/div>, Spend 0.022937774658203125 seconds,text:<313>
2020-10-19 14:00:41,730 - root - INFO - SUCCESS    Get element text element: <xpath->//*[@id="table-id"]/div[2]/div/table/tfoot/tr/td[5]/div>, Spend 0.02393484115600586 seconds,text:<266>
2020-10-19 14:00:43,773 - root - INFO - SUCCESS    From js: <window.open('https://docs.qq.com/sheet/DU1F6UVF4a2J4ZkdI?tab=bb08j2')> open a new window and swich into, Spend 2.0425355434417725 seconds
2020-10-19 14:00:45,827 - root - INFO - SUCCESS    Clicked element: <xpath->//*[@id="blankpage-button-pc"]>, Spend 2.0535058975219727 seconds
2020-10-19 14:00:46,867 - root - INFO - SUCCESS    Switch to frame element: <id->login_frame>, Spend 1.0392203330993652 seconds
2020-10-19 14:00:46,933 - root - INFO - SUCCESS    Clicked element: <id->img_out_1456904332>, Spend 0.06482625007629395 seconds
2020-10-19 14:00:52,305 - root - INFO - SUCCESS    Double click (440,187) Spend 0.37097835540771484 seconds
2020-10-19 14:00:53,080 - root - INFO - SUCCESS    Element <xpath->//*[@id="alloy-rich-text-editor"]/span> type content: 2020-10-19,and sleep 0.5 seconds,input TAB key, Spend 0.7739338874816895 seconds
2020-10-19 14:00:53,425 - root - INFO - SUCCESS    Double click (40,0) Spend 0.34407973289489746 seconds
2020-10-19 14:00:54,144 - root - INFO - SUCCESS    Element <xpath->//*[@id="alloy-rich-text-editor"]/span> type content: 00:00~14:00,and sleep 0.5 seconds,input TAB key, Spend 0.7190761566162109 seconds
2020-10-19 14:00:54,496 - root - INFO - SUCCESS    Double click (100,0) Spend 0.3510611057281494 seconds
2020-10-19 14:00:55,227 - root - INFO - SUCCESS    Element <xpath->//*[@id="alloy-rich-text-editor"]/span> type content: 43,105.97,and sleep 0.5 seconds,input TAB key, Spend 0.7300169467926025 seconds
2020-10-19 14:00:55,564 - root - INFO - SUCCESS    Double click (100,0) Spend 0.336101770401001 seconds
2020-10-19 14:00:56,280 - root - INFO - SUCCESS    Element <xpath->//*[@id="alloy-rich-text-editor"]/span> type content: 1,219,492,and sleep 0.5 seconds,input TAB key, Spend 0.7150857448577881 seconds
2020-10-19 14:00:56,620 - root - INFO - SUCCESS    Double click (90,0) Spend 0.33809566497802734 seconds
2020-10-19 14:00:57,319 - root - INFO - SUCCESS    Element <xpath->//*[@id="alloy-rich-text-editor"]/span> type content: 5,802,and sleep 0.5 seconds,input TAB key, Spend 0.6981022357940674 seconds
2020-10-19 14:00:57,659 - root - INFO - SUCCESS    Double click (160,0) Spend 0.3400888442993164 seconds
2020-10-19 14:00:58,355 - root - INFO - SUCCESS    Element <xpath->//*[@id="alloy-rich-text-editor"]/span> type content: 133,and sleep 0.5 seconds,input TAB key, Spend 0.6961386203765869 seconds
2020-10-19 14:00:58,675 - root - INFO - SUCCESS    Double click (70,0) Spend 0.3201429843902588 seconds
2020-10-19 14:00:59,369 - root - INFO - SUCCESS    Element <xpath->//*[@id="alloy-rich-text-editor"]/span> type content: 109,and sleep 0.5 seconds,input TAB key, Spend 0.6931455135345459 seconds
2020-10-19 14:00:59,697 - root - INFO - SUCCESS    Double click (-440,20) Spend 0.3261280059814453 seconds
2020-10-19 14:01:00,406 - root - INFO - SUCCESS    Element <xpath->//*[@id="alloy-rich-text-editor"]/span> type content: 85,577.13,and sleep 0.5 seconds,input TAB key, Spend 0.7090709209442139 seconds
2020-10-19 14:01:00,757 - root - INFO - SUCCESS    Double click (100,0) Spend 0.3510606288909912 seconds
2020-10-19 14:01:01,452 - root - INFO - SUCCESS    Element <xpath->//*[@id="alloy-rich-text-editor"]/span> type content: 1,898,416,and sleep 0.5 seconds,input TAB key, Spend 0.6941440105438232 seconds
2020-10-19 14:01:01,790 - root - INFO - SUCCESS    Double click (90,0) Spend 0.33809447288513184 seconds
2020-10-19 14:01:02,517 - root - INFO - SUCCESS    Element <xpath->//*[@id="alloy-rich-text-editor"]/span> type content: 11,988,and sleep 0.5 seconds,input TAB key, Spend 0.7260525226593018 seconds
2020-10-19 14:01:02,848 - root - INFO - SUCCESS    Double click (160,0) Spend 0.33011674880981445 seconds
2020-10-19 14:01:03,548 - root - INFO - SUCCESS    Element <xpath->//*[@id="alloy-rich-text-editor"]/span> type content: 313,and sleep 0.5 seconds,input TAB key, Spend 0.6991293430328369 seconds
2020-10-19 14:01:03,879 - root - INFO - SUCCESS    Double click (70,0) Spend 0.3311131000518799 seconds
2020-10-19 14:01:04,587 - root - INFO - SUCCESS    Element <xpath->//*[@id="alloy-rich-text-editor"]/span> type content: 266,and sleep 0.5 seconds,input TAB key, Spend 0.706110954284668 seconds
2020-10-19 14:01:11,740 - root - INFO - SUCCESS    Closed all window and quit the driver, Spend 2.1522433757781982 seconds
2020-10-19 14:01:11,740 - root - INFO - ###############################  End  ###############################
2020-10-19 14:01:17,230 - root - INFO - 发送邮件成功
2020-10-19 16:00:01,034 - root - INFO - ############################### START ###############################
2020-10-19 16:00:04,208 - root - INFO - SUCCESS    Start a new browser: Chrome, Spend 3.1665003299713135 seconds
2020-10-19 16:00:06,328 - root - INFO - SUCCESS    Set browser window maximized, Spend 2.1203277111053467 seconds
2020-10-19 16:00:08,827 - root - INFO - SUCCESS    Navigated to https://e.qq.com/, Spend 2.4983177185058594 seconds
2020-10-19 16:00:08,881 - root - INFO - SUCCESS    Clicked element: <id->mlogin>, Spend 0.05385541915893555 seconds
2020-10-19 16:00:29,458 - root - INFO - SUCCESS    Switch to frame element: <id->qqLoginFrame>, Spend 10.576700687408447 seconds
2020-10-19 16:00:30,485 - root - INFO - SUCCESS    Switch to frame element: <id->ptlogin_iframe>, Spend 0.026924610137939453 seconds
2020-10-19 16:00:30,582 - root - INFO - SUCCESS    Clicked element: <id->img_out_1456904332>, Spend 0.0967414379119873 seconds
2020-10-19 16:00:37,631 - root - INFO - SUCCESS    From js: <window.open('https://ad.qq.com/atlas/17567682/report/analytic?')> open a new window and swich into, Spend 2.0473310947418213 seconds
2020-10-19 16:00:39,788 - root - INFO - SUCCESS    Clicked element: <xpath->//*[@id="content"]/div/div/div/div[2]/div[1]/div/div[1]/div[4]/div/div/div/button[2]>, Spend 2.154236316680908 seconds
2020-10-19 16:00:42,839 - root - INFO - SUCCESS    Get element text element: <xpath->//*[@id="table-id"]/div[2]/div/table/tfoot/tr/td[7]/div>, Spend 3.051835060119629 seconds,text:<44,912.04>
2020-10-19 16:00:42,867 - root - INFO - SUCCESS    Get element text element: <xpath->//*[@id="table-id"]/div[2]/div/table/tfoot/tr/td[3]/div>, Spend 0.027924776077270508 seconds,text:<1,280,023>
2020-10-19 16:00:42,894 - root - INFO - SUCCESS    Get element text element: <xpath->//*[@id="table-id"]/div[2]/div/table/tfoot/tr/td[4]/div>, Spend 0.025931119918823242 seconds,text:<6,094>
2020-10-19 16:00:42,921 - root - INFO - SUCCESS    Get element text element: <xpath->//*[@id="table-id"]/div[2]/div/table/tfoot/tr/td[8]/div>, Spend 0.024904727935791016 seconds,text:<136>
2020-10-19 16:00:42,947 - root - INFO - SUCCESS    Get element text element: <xpath->//*[@id="table-id"]/div[2]/div/table/tfoot/tr/td[10]/div>, Spend 0.025931119918823242 seconds,text:<112>
2020-10-19 16:00:44,996 - root - INFO - SUCCESS    From js: <window.open('https://ad.qq.com/atlas/17567678/report/analytic?')> open a new window and swich into, Spend 2.0475220680236816 seconds
2020-10-19 16:00:47,164 - root - INFO - SUCCESS    Clicked element: <xpath->//*[@id="content"]/div/div/div/div[2]/div[1]/div/div[1]/div[4]/div/div/div/button[2]>, Spend 2.1681997776031494 seconds
2020-10-19 16:00:51,293 - root - INFO - SUCCESS    Get element text element: <xpath->//*[@id="table-id"]/div[2]/div/table/tfoot/tr/td[2]/div>, Spend 4.128953218460083 seconds,text:<93,906.85>
2020-10-19 16:00:51,316 - root - INFO - SUCCESS    Get element text element: <xpath->//*[@id="table-id"]/div[2]/div/table/tfoot/tr/td[7]/div>, Spend 0.02094292640686035 seconds,text:<2,084,933>
2020-10-19 16:00:51,340 - root - INFO - SUCCESS    Get element text element: <xpath->//*[@id="table-id"]/div[2]/div/table/tfoot/tr/td[8]/div>, Spend 0.02393484115600586 seconds,text:<13,183>
2020-10-19 16:00:51,364 - root - INFO - SUCCESS    Get element text element: <xpath->//*[@id="table-id"]/div[2]/div/table/tfoot/tr/td[3]/div>, Spend 0.023936748504638672 seconds,text:<328>
2020-10-19 16:00:51,389 - root - INFO - SUCCESS    Get element text element: <xpath->//*[@id="table-id"]/div[2]/div/table/tfoot/tr/td[5]/div>, Spend 0.0249330997467041 seconds,text:<281>
2020-10-19 16:00:53,428 - root - INFO - SUCCESS    From js: <window.open('https://docs.qq.com/sheet/DU1F6UVF4a2J4ZkdI?tab=bb08j2')> open a new window and swich into, Spend 2.0395443439483643 seconds
2020-10-19 16:00:55,488 - root - INFO - SUCCESS    Clicked element: <xpath->//*[@id="blankpage-button-pc"]>, Spend 2.057495594024658 seconds
2020-10-19 16:00:56,540 - root - INFO - SUCCESS    Switch to frame element: <id->login_frame>, Spend 1.052185297012329 seconds
2020-10-19 16:00:56,603 - root - INFO - SUCCESS    Clicked element: <id->img_out_1456904332>, Spend 0.061835527420043945 seconds
2020-10-19 16:01:01,967 - root - INFO - SUCCESS    Double click (440,187) Spend 0.3640263080596924 seconds
2020-10-19 16:01:02,753 - root - INFO - SUCCESS    Element <xpath->//*[@id="alloy-rich-text-editor"]/span> type content: 2020-10-19,and sleep 0.5 seconds,input TAB key, Spend 0.7858984470367432 seconds
2020-10-19 16:01:03,104 - root - INFO - SUCCESS    Double click (40,0) Spend 0.3510596752166748 seconds
2020-10-19 16:01:03,803 - root - INFO - SUCCESS    Element <xpath->//*[@id="alloy-rich-text-editor"]/span> type content: 00:00~16:00,and sleep 0.5 seconds,input TAB key, Spend 0.6981320381164551 seconds
2020-10-19 16:01:04,131 - root - INFO - SUCCESS    Double click (100,0) Spend 0.3281223773956299 seconds
2020-10-19 16:01:04,819 - root - INFO - SUCCESS    Element <xpath->//*[@id="alloy-rich-text-editor"]/span> type content: 44,912.04,and sleep 0.5 seconds,input TAB key, Spend 0.6871607303619385 seconds
2020-10-19 16:01:05,161 - root - INFO - SUCCESS    Double click (100,0) Spend 0.3420853614807129 seconds
2020-10-19 16:01:05,838 - root - INFO - SUCCESS    Element <xpath->//*[@id="alloy-rich-text-editor"]/span> type content: 1,280,023,and sleep 0.5 seconds,input TAB key, Spend 0.6761903762817383 seconds
2020-10-19 16:01:06,170 - root - INFO - SUCCESS    Double click (90,0) Spend 0.3321406841278076 seconds
2020-10-19 16:01:06,853 - root - INFO - SUCCESS    Element <xpath->//*[@id="alloy-rich-text-editor"]/span> type content: 6,094,and sleep 0.5 seconds,input TAB key, Spend 0.6821756362915039 seconds
2020-10-19 16:01:07,175 - root - INFO - SUCCESS    Double click (160,0) Spend 0.32210683822631836 seconds
2020-10-19 16:01:07,845 - root - INFO - SUCCESS    Element <xpath->//*[@id="alloy-rich-text-editor"]/span> type content: 136,and sleep 0.5 seconds,input TAB key, Spend 0.6692097187042236 seconds
2020-10-19 16:01:08,180 - root - INFO - SUCCESS    Double click (70,0) Spend 0.3341057300567627 seconds
2020-10-19 16:01:08,840 - root - INFO - SUCCESS    Element <xpath->//*[@id="alloy-rich-text-editor"]/span> type content: 112,and sleep 0.5 seconds,input TAB key, Spend 0.6592345237731934 seconds
2020-10-19 16:01:09,173 - root - INFO - SUCCESS    Double click (-440,20) Spend 0.333111047744751 seconds
2020-10-19 16:01:09,865 - root - INFO - SUCCESS    Element <xpath->//*[@id="alloy-rich-text-editor"]/span> type content: 93,906.85,and sleep 0.5 seconds,input TAB key, Spend 0.6911218166351318 seconds
2020-10-19 16:01:10,213 - root - INFO - SUCCESS    Double click (100,0) Spend 0.346071720123291 seconds
2020-10-19 16:01:10,905 - root - INFO - SUCCESS    Element <xpath->//*[@id="alloy-rich-text-editor"]/span> type content: 2,084,933,and sleep 0.5 seconds,input TAB key, Spend 0.6911501884460449 seconds
2020-10-19 16:01:11,236 - root - INFO - SUCCESS    Double click (90,0) Spend 0.3310842514038086 seconds
2020-10-19 16:01:11,915 - root - INFO - SUCCESS    Element <xpath->//*[@id="alloy-rich-text-editor"]/span> type content: 13,183,and sleep 0.5 seconds,input TAB key, Spend 0.6771891117095947 seconds
2020-10-19 16:01:12,249 - root - INFO - SUCCESS    Double click (160,0) Spend 0.33307957649230957 seconds
2020-10-19 16:01:12,918 - root - INFO - SUCCESS    Element <xpath->//*[@id="alloy-rich-text-editor"]/span> type content: 328,and sleep 0.5 seconds,input TAB key, Spend 0.6692087650299072 seconds
2020-10-19 16:01:13,253 - root - INFO - SUCCESS    Double click (70,0) Spend 0.3341071605682373 seconds
2020-10-19 16:01:13,922 - root - INFO - SUCCESS    Element <xpath->//*[@id="alloy-rich-text-editor"]/span> type content: 281,and sleep 0.5 seconds,input TAB key, Spend 0.6682405471801758 seconds
2020-10-19 16:01:21,964 - root - INFO - SUCCESS    Closed all window and quit the driver, Spend 3.0398497581481934 seconds
2020-10-19 16:01:21,964 - root - INFO - ###############################  End  ###############################
2020-10-19 16:01:26,476 - root - INFO - 发送邮件成功
2020-10-19 18:00:01,226 - root - INFO - ############################### START ###############################
2020-10-19 18:00:04,405 - root - INFO - SUCCESS    Start a new browser: Chrome, Spend 3.1715152263641357 seconds
2020-10-19 18:00:06,527 - root - INFO - SUCCESS    Set browser window maximized, Spend 2.122321844100952 seconds
2020-10-19 18:00:08,543 - root - INFO - SUCCESS    Navigated to https://e.qq.com/, Spend 2.016604423522949 seconds
2020-10-19 18:00:08,587 - root - INFO - SUCCESS    Clicked element: <id->mlogin>, Spend 0.04288482666015625 seconds
2020-10-19 18:00:24,766 - root - INFO - SUCCESS    Switch to frame element: <id->qqLoginFrame>, Spend 6.178288221359253 seconds
2020-10-19 18:00:25,794 - root - INFO - SUCCESS    Switch to frame element: <id->ptlogin_iframe>, Spend 0.026928186416625977 seconds
2020-10-19 18:00:25,894 - root - INFO - SUCCESS    Clicked element: <id->img_out_1456904332>, Spend 0.09873628616333008 seconds
2020-10-19 18:00:32,950 - root - INFO - SUCCESS    From js: <window.open('https://ad.qq.com/atlas/17567682/report/analytic?')> open a new window and swich into, Spend 2.0555009841918945 seconds
2020-10-19 18:00:35,114 - root - INFO - SUCCESS    Clicked element: <xpath->//*[@id="content"]/div/div/div/div[2]/div[1]/div/div[1]/div[4]/div/div/div/button[2]>, Spend 2.1632132530212402 seconds
2020-10-19 18:00:36,262 - root - INFO - SUCCESS    Get element text element: <xpath->//*[@id="table-id"]/div[2]/div/table/tfoot/tr/td[7]/div>, Spend 1.1479134559631348 seconds,text:<46,226.82>
2020-10-19 18:00:36,293 - root - INFO - SUCCESS    Get element text element: <xpath->//*[@id="table-id"]/div[2]/div/table/tfoot/tr/td[3]/div>, Spend 0.029920101165771484 seconds,text:<1,327,906>
2020-10-19 18:00:36,321 - root - INFO - SUCCESS    Get element text element: <xpath->//*[@id="table-id"]/div[2]/div/table/tfoot/tr/td[4]/div>, Spend 0.027925491333007812 seconds,text:<6,327>
2020-10-19 18:00:36,349 - root - INFO - SUCCESS    Get element text element: <xpath->//*[@id="table-id"]/div[2]/div/table/tfoot/tr/td[8]/div>, Spend 0.02689981460571289 seconds,text:<140>
2020-10-19 18:00:36,376 - root - INFO - SUCCESS    Get element text element: <xpath->//*[@id="table-id"]/div[2]/div/table/tfoot/tr/td[10]/div>, Spend 0.026927947998046875 seconds,text:<116>
2020-10-19 18:00:38,415 - root - INFO - SUCCESS    From js: <window.open('https://ad.qq.com/atlas/17567678/report/analytic?')> open a new window and swich into, Spend 2.036550283432007 seconds
2020-10-19 18:00:40,575 - root - INFO - SUCCESS    Clicked element: <xpath->//*[@id="content"]/div/div/div/div[2]/div[1]/div/div[1]/div[4]/div/div/div/button[2]>, Spend 2.1602208614349365 seconds
2020-10-19 18:00:41,612 - root - INFO - SUCCESS    Get element text element: <xpath->//*[@id="table-id"]/div[2]/div/table/tfoot/tr/td[2]/div>, Spend 1.0362269878387451 seconds,text:<97,912.24>
2020-10-19 18:00:41,633 - root - INFO - SUCCESS    Get element text element: <xpath->//*[@id="table-id"]/div[2]/div/table/tfoot/tr/td[7]/div>, Spend 0.019946813583374023 seconds,text:<2,203,076>
2020-10-19 18:00:41,655 - root - INFO - SUCCESS    Get element text element: <xpath->//*[@id="table-id"]/div[2]/div/table/tfoot/tr/td[8]/div>, Spend 0.021941423416137695 seconds,text:<13,908>
2020-10-19 18:00:41,677 - root - INFO - SUCCESS    Get element text element: <xpath->//*[@id="table-id"]/div[2]/div/table/tfoot/tr/td[3]/div>, Spend 0.02194046974182129 seconds,text:<342>
2020-10-19 18:00:41,705 - root - INFO - SUCCESS    Get element text element: <xpath->//*[@id="table-id"]/div[2]/div/table/tfoot/tr/td[5]/div>, Spend 0.02692723274230957 seconds,text:<295>
2020-10-19 18:00:43,747 - root - INFO - SUCCESS    From js: <window.open('https://docs.qq.com/sheet/DU1F6UVF4a2J4ZkdI?tab=bb08j2')> open a new window and swich into, Spend 2.0425357818603516 seconds
2020-10-19 18:00:45,797 - root - INFO - SUCCESS    Clicked element: <xpath->//*[@id="blankpage-button-pc"]>, Spend 2.0495169162750244 seconds
2020-10-19 18:00:46,836 - root - INFO - SUCCESS    Switch to frame element: <id->login_frame>, Spend 1.0392200946807861 seconds
2020-10-19 18:00:46,904 - root - INFO - SUCCESS    Clicked element: <id->img_out_1456904332>, Spend 0.06781840324401855 seconds
2020-10-19 18:00:52,291 - root - INFO - SUCCESS    Double click (440,187) Spend 0.3859376907348633 seconds
2020-10-19 18:00:55,026 - root - INFO - SUCCESS    Element <xpath->//*[@id="alloy-rich-text-editor"]/span> type content: 2020-10-19,and sleep 0.5 seconds,input TAB key, Spend 0.7328526973724365 seconds
2020-10-19 18:00:55,372 - root - INFO - SUCCESS    Double click (40,0) Spend 0.3460414409637451 seconds
2020-10-19 18:00:58,077 - root - INFO - SUCCESS    Element <xpath->//*[@id="alloy-rich-text-editor"]/span> type content: 00:00~18:00,and sleep 0.5 seconds,input TAB key, Spend 0.7031466960906982 seconds
2020-10-19 18:00:58,423 - root - INFO - SUCCESS    Double click (100,0) Spend 0.34604620933532715 seconds
2020-10-19 18:01:01,112 - root - INFO - SUCCESS    Element <xpath->//*[@id="alloy-rich-text-editor"]/span> type content: 46,226.82,and sleep 0.5 seconds,input TAB key, Spend 0.6881601810455322 seconds
2020-10-19 18:01:01,452 - root - INFO - SUCCESS    Double click (100,0) Spend 0.3400895595550537 seconds
2020-10-19 18:01:04,129 - root - INFO - SUCCESS    Element <xpath->//*[@id="alloy-rich-text-editor"]/span> type content: 1,327,906,and sleep 0.5 seconds,input TAB key, Spend 0.6761910915374756 seconds
2020-10-19 18:01:04,477 - root - INFO - SUCCESS    Double click (90,0) Spend 0.3480687141418457 seconds
2020-10-19 18:01:07,206 - root - INFO - SUCCESS    Element <xpath->//*[@id="alloy-rich-text-editor"]/span> type content: 6,327,and sleep 0.5 seconds,input TAB key, Spend 0.7260582447052002 seconds
2020-10-19 18:01:07,539 - root - INFO - SUCCESS    Double click (160,0) Spend 0.33211231231689453 seconds
2020-10-19 18:01:10,218 - root - INFO - SUCCESS    Element <xpath->//*[@id="alloy-rich-text-editor"]/span> type content: 140,and sleep 0.5 seconds,input TAB key, Spend 0.6791834831237793 seconds
2020-10-19 18:01:10,554 - root - INFO - SUCCESS    Double click (70,0) Spend 0.3341062068939209 seconds
2020-10-19 18:01:13,247 - root - INFO - SUCCESS    Element <xpath->//*[@id="alloy-rich-text-editor"]/span> type content: 116,and sleep 0.5 seconds,input TAB key, Spend 0.6931428909301758 seconds
2020-10-19 18:01:13,588 - root - INFO - SUCCESS    Double click (-440,20) Spend 0.339097261428833 seconds
2020-10-19 18:01:16,268 - root - INFO - SUCCESS    Element <xpath->//*[@id="alloy-rich-text-editor"]/span> type content: 97,912.24,and sleep 0.5 seconds,input TAB key, Spend 0.6801810264587402 seconds
2020-10-19 18:01:16,618 - root - INFO - SUCCESS    Double click (100,0) Spend 0.34906530380249023 seconds
2020-10-19 18:01:19,293 - root - INFO - SUCCESS    Element <xpath->//*[@id="alloy-rich-text-editor"]/span> type content: 2,203,076,and sleep 0.5 seconds,input TAB key, Spend 0.6741929054260254 seconds
2020-10-19 18:01:19,626 - root - INFO - SUCCESS    Double click (90,0) Spend 0.33310937881469727 seconds
2020-10-19 18:01:22,320 - root - INFO - SUCCESS    Element <xpath->//*[@id="alloy-rich-text-editor"]/span> type content: 13,908,and sleep 0.5 seconds,input TAB key, Spend 0.6931467056274414 seconds
2020-10-19 18:01:22,666 - root - INFO - SUCCESS    Double click (160,0) Spend 0.345078706741333 seconds
2020-10-19 18:01:25,334 - root - INFO - SUCCESS    Element <xpath->//*[@id="alloy-rich-text-editor"]/span> type content: 342,and sleep 0.5 seconds,input TAB key, Spend 0.6650369167327881 seconds
2020-10-19 18:01:25,663 - root - INFO - SUCCESS    Double click (70,0) Spend 0.3291187286376953 seconds
2020-10-19 18:01:28,334 - root - INFO - SUCCESS    Element <xpath->//*[@id="alloy-rich-text-editor"]/span> type content: 295,and sleep 0.5 seconds,input TAB key, Spend 0.6692094802856445 seconds
2020-10-19 18:01:35,476 - root - INFO - SUCCESS    Closed all window and quit the driver, Spend 2.1414663791656494 seconds
2020-10-19 18:01:35,477 - root - INFO - ###############################  End  ###############################
2020-10-19 18:01:40,829 - root - INFO - 发送邮件成功
2020-10-19 20:00:01,152 - root - INFO - ############################### START ###############################
2020-10-19 20:00:04,459 - root - INFO - SUCCESS    Start a new browser: Chrome, Spend 3.293160915374756 seconds
2020-10-19 20:00:06,580 - root - INFO - SUCCESS    Set browser window maximized, Spend 2.120328426361084 seconds
2020-10-19 20:00:08,836 - root - INFO - SUCCESS    Navigated to https://e.qq.com/, Spend 2.255964756011963 seconds
2020-10-19 20:00:08,876 - root - INFO - SUCCESS    Clicked element: <id->mlogin>, Spend 0.039894819259643555 seconds
2020-10-19 20:00:25,050 - root - INFO - SUCCESS    Switch to frame element: <id->qqLoginFrame>, Spend 6.173480987548828 seconds
2020-10-19 20:00:26,077 - root - INFO - SUCCESS    Switch to frame element: <id->ptlogin_iframe>, Spend 0.025930166244506836 seconds
2020-10-19 20:00:26,171 - root - INFO - SUCCESS    Clicked element: <id->img_out_1456904332>, Spend 0.09275341033935547 seconds
2020-10-19 20:00:33,208 - root - INFO - SUCCESS    From js: <window.open('https://ad.qq.com/atlas/17567682/report/analytic?')> open a new window and swich into, Spend 2.035580635070801 seconds
2020-10-19 20:00:35,370 - root - INFO - SUCCESS    Clicked element: <xpath->//*[@id="content"]/div/div/div/div[2]/div[1]/div/div[1]/div[4]/div/div/div/button[2]>, Spend 2.160191774368286 seconds
2020-10-19 20:00:36,403 - root - INFO - SUCCESS    Get element text element: <xpath->//*[@id="table-id"]/div[2]/div/table/tfoot/tr/td[7]/div>, Spend 1.0332350730895996 seconds,text:<47,930.10>
2020-10-19 20:00:36,433 - root - INFO - SUCCESS    Get element text element: <xpath->//*[@id="table-id"]/div[2]/div/table/tfoot/tr/td[3]/div>, Spend 0.02892327308654785 seconds,text:<1,396,858>
2020-10-19 20:00:36,458 - root - INFO - SUCCESS    Get element text element: <xpath->//*[@id="table-id"]/div[2]/div/table/tfoot/tr/td[4]/div>, Spend 0.024976015090942383 seconds,text:<6,675>
2020-10-19 20:00:36,483 - root - INFO - SUCCESS    Get element text element: <xpath->//*[@id="table-id"]/div[2]/div/table/tfoot/tr/td[8]/div>, Spend 0.023907899856567383 seconds,text:<142>
2020-10-19 20:00:36,508 - root - INFO - SUCCESS    Get element text element: <xpath->//*[@id="table-id"]/div[2]/div/table/tfoot/tr/td[10]/div>, Spend 0.024907588958740234 seconds,text:<118>
2020-10-19 20:00:38,545 - root - INFO - SUCCESS    From js: <window.open('https://ad.qq.com/atlas/17567678/report/analytic?')> open a new window and swich into, Spend 2.0365514755249023 seconds
2020-10-19 20:00:40,693 - root - INFO - SUCCESS    Clicked element: <xpath->//*[@id="content"]/div/div/div/div[2]/div[1]/div/div[1]/div[4]/div/div/div/button[2]>, Spend 2.1472554206848145 seconds
2020-10-19 20:00:41,728 - root - INFO - SUCCESS    Get element text element: <xpath->//*[@id="table-id"]/div[2]/div/table/tfoot/tr/td[2]/div>, Spend 1.033235788345337 seconds,text:<101,804.03>
2020-10-19 20:00:41,748 - root - INFO - SUCCESS    Get element text element: <xpath->//*[@id="table-id"]/div[2]/div/table/tfoot/tr/td[7]/div>, Spend 0.02094411849975586 seconds,text:<2,320,507>
2020-10-19 20:00:41,772 - root - INFO - SUCCESS    Get element text element: <xpath->//*[@id="table-id"]/div[2]/div/table/tfoot/tr/td[8]/div>, Spend 0.022938013076782227 seconds,text:<14,762>
2020-10-19 20:00:41,793 - root - INFO - SUCCESS    Get element text element: <xpath->//*[@id="table-id"]/div[2]/div/table/tfoot/tr/td[3]/div>, Spend 0.01994609832763672 seconds,text:<347>
2020-10-19 20:00:41,815 - root - INFO - SUCCESS    Get element text element: <xpath->//*[@id="table-id"]/div[2]/div/table/tfoot/tr/td[5]/div>, Spend 0.02194070816040039 seconds,text:<300>
2020-10-19 20:00:43,853 - root - INFO - SUCCESS    From js: <window.open('https://docs.qq.com/sheet/DU1F6UVF4a2J4ZkdI?tab=bb08j2')> open a new window and swich into, Spend 2.0365517139434814 seconds
2020-10-19 20:00:45,909 - root - INFO - SUCCESS    Clicked element: <xpath->//*[@id="blankpage-button-pc"]>, Spend 2.0564985275268555 seconds
2020-10-19 20:00:46,956 - root - INFO - SUCCESS    Switch to frame element: <id->login_frame>, Spend 1.0462007522583008 seconds
2020-10-19 20:00:47,019 - root - INFO - SUCCESS    Clicked element: <id->img_out_1456904332>, Spend 0.06383013725280762 seconds
2020-10-19 20:00:52,385 - root - INFO - SUCCESS    Double click (440,187) Spend 0.3639967441558838 seconds
2020-10-19 20:00:55,109 - root - INFO - SUCCESS    Element <xpath->//*[@id="alloy-rich-text-editor"]/span> type content: 2020-10-19,and sleep 0.5 seconds,input TAB key, Spend 0.7228982448577881 seconds
2020-10-19 20:00:55,435 - root - INFO - SUCCESS    Double click (40,0) Spend 0.3261284828186035 seconds
2020-10-19 20:00:58,126 - root - INFO - SUCCESS    Element <xpath->//*[@id="alloy-rich-text-editor"]/span> type content: 00:00~20:00,and sleep 0.5 seconds,input TAB key, Spend 0.6891558170318604 seconds
2020-10-19 20:00:58,461 - root - INFO - SUCCESS    Double click (100,0) Spend 0.3341050148010254 seconds
2020-10-19 20:01:01,139 - root - INFO - SUCCESS    Element <xpath->//*[@id="alloy-rich-text-editor"]/span> type content: 47,930.10,and sleep 0.5 seconds,input TAB key, Spend 0.6760067939758301 seconds
2020-10-19 20:01:01,472 - root - INFO - SUCCESS    Double click (100,0) Spend 0.33208131790161133 seconds
2020-10-19 20:01:04,152 - root - INFO - SUCCESS    Element <xpath->//*[@id="alloy-rich-text-editor"]/span> type content: 1,396,858,and sleep 0.5 seconds,input TAB key, Spend 0.6781823635101318 seconds
2020-10-19 20:01:04,474 - root - INFO - SUCCESS    Double click (90,0) Spend 0.32210564613342285 seconds
2020-10-19 20:01:07,133 - root - INFO - SUCCESS    Element <xpath->//*[@id="alloy-rich-text-editor"]/span> type content: 6,675,and sleep 0.5 seconds,input TAB key, Spend 0.6582109928131104 seconds
2020-10-19 20:01:07,457 - root - INFO - SUCCESS    Double click (160,0) Spend 0.32413339614868164 seconds
2020-10-19 20:01:10,121 - root - INFO - SUCCESS    Element <xpath->//*[@id="alloy-rich-text-editor"]/span> type content: 142,and sleep 0.5 seconds,input TAB key, Spend 0.6630353927612305 seconds
2020-10-19 20:01:10,441 - root - INFO - SUCCESS    Double click (70,0) Spend 0.3201429843902588 seconds
2020-10-19 20:01:13,098 - root - INFO - SUCCESS    Element <xpath->//*[@id="alloy-rich-text-editor"]/span> type content: 118,and sleep 0.5 seconds,input TAB key, Spend 0.6562402248382568 seconds
2020-10-19 20:01:13,424 - root - INFO - SUCCESS    Double click (-440,20) Spend 0.3251314163208008 seconds
2020-10-19 20:01:16,124 - root - INFO - SUCCESS    Element <xpath->//*[@id="alloy-rich-text-editor"]/span> type content: 101,804.03,and sleep 0.5 seconds,input TAB key, Spend 0.7001292705535889 seconds
2020-10-19 20:01:16,450 - root - INFO - SUCCESS    Double click (100,0) Spend 0.3231637477874756 seconds
2020-10-19 20:01:19,115 - root - INFO - SUCCESS    Element <xpath->//*[@id="alloy-rich-text-editor"]/span> type content: 2,320,507,and sleep 0.5 seconds,input TAB key, Spend 0.6650311946868896 seconds
2020-10-19 20:01:19,430 - root - INFO - SUCCESS    Double click (90,0) Spend 0.3141605854034424 seconds
2020-10-19 20:01:22,095 - root - INFO - SUCCESS    Element <xpath->//*[@id="alloy-rich-text-editor"]/span> type content: 14,762,and sleep 0.5 seconds,input TAB key, Spend 0.664219856262207 seconds
2020-10-19 20:01:22,432 - root - INFO - SUCCESS    Double click (160,0) Spend 0.3361012935638428 seconds
2020-10-19 20:01:25,106 - root - INFO - SUCCESS    Element <xpath->//*[@id="alloy-rich-text-editor"]/span> type content: 347,and sleep 0.5 seconds,input TAB key, Spend 0.6730124950408936 seconds
2020-10-19 20:01:25,423 - root - INFO - SUCCESS    Double click (70,0) Spend 0.3161294460296631 seconds
2020-10-19 20:01:28,089 - root - INFO - SUCCESS    Element <xpath->//*[@id="alloy-rich-text-editor"]/span> type content: 300,and sleep 0.5 seconds,input TAB key, Spend 0.665241003036499 seconds
2020-10-19 20:01:35,690 - root - INFO - SUCCESS    Closed all window and quit the driver, Spend 2.6000430583953857 seconds
2020-10-19 20:01:35,690 - root - INFO - ###############################  End  ###############################
2020-10-19 20:01:40,653 - root - INFO - 发送邮件成功
2020-10-19 22:00:01,066 - root - INFO - ############################### START ###############################
2020-10-19 22:00:04,288 - root - INFO - SUCCESS    Start a new browser: Chrome, Spend 3.222364664077759 seconds
2020-10-19 22:00:06,406 - root - INFO - SUCCESS    Set browser window maximized, Spend 2.116366147994995 seconds
2020-10-19 22:00:08,016 - root - INFO - SUCCESS    Navigated to https://e.qq.com/, Spend 1.6096670627593994 seconds
2020-10-19 22:00:08,054 - root - INFO - SUCCESS    Clicked element: <id->mlogin>, Spend 0.0388941764831543 seconds
2020-10-19 22:00:18,081 - root - INFO - SUCCESS    Switch to frame element: <id->qqLoginFrame>, Spend 0.025927066802978516 seconds
2020-10-19 22:00:19,109 - root - INFO - SUCCESS    Switch to frame element: <id->ptlogin_iframe>, Spend 0.026928186416625977 seconds
2020-10-19 22:00:19,204 - root - INFO - SUCCESS    Clicked element: <id->img_out_1456904332>, Spend 0.09474611282348633 seconds
2020-10-19 22:00:26,237 - root - INFO - SUCCESS    From js: <window.open('https://ad.qq.com/atlas/17567682/report/analytic?')> open a new window and swich into, Spend 2.0325841903686523 seconds
2020-10-19 22:00:28,396 - root - INFO - SUCCESS    Clicked element: <xpath->//*[@id="content"]/div/div/div/div[2]/div[1]/div/div[1]/div[4]/div/div/div/button[2]>, Spend 2.159198045730591 seconds
2020-10-19 22:00:29,434 - root - INFO - SUCCESS    Get element text element: <xpath->//*[@id="table-id"]/div[2]/div/table/tfoot/tr/td[7]/div>, Spend 1.0382225513458252 seconds,text:<50,203.27>
2020-10-19 22:00:29,455 - root - INFO - SUCCESS    Get element text element: <xpath->//*[@id="table-id"]/div[2]/div/table/tfoot/tr/td[3]/div>, Spend 0.020943641662597656 seconds,text:<1,481,273>
2020-10-19 22:00:29,480 - root - INFO - SUCCESS    Get element text element: <xpath->//*[@id="table-id"]/div[2]/div/table/tfoot/tr/td[4]/div>, Spend 0.023936033248901367 seconds,text:<7,137>
2020-10-19 22:00:29,509 - root - INFO - SUCCESS    Get element text element: <xpath->//*[@id="table-id"]/div[2]/div/table/tfoot/tr/td[8]/div>, Spend 0.02892327308654785 seconds,text:<152>
2020-10-19 22:00:29,532 - root - INFO - SUCCESS    Get element text element: <xpath->//*[@id="table-id"]/div[2]/div/table/tfoot/tr/td[10]/div>, Spend 0.022938013076782227 seconds,text:<127>
2020-10-19 22:00:31,568 - root - INFO - SUCCESS    From js: <window.open('https://ad.qq.com/atlas/17567678/report/analytic?')> open a new window and swich into, Spend 2.0355539321899414 seconds
2020-10-19 22:00:33,715 - root - INFO - SUCCESS    Clicked element: <xpath->//*[@id="content"]/div/div/div/div[2]/div[1]/div/div[1]/div[4]/div/div/div/button[2]>, Spend 2.1452605724334717 seconds
2020-10-19 22:00:34,750 - root - INFO - SUCCESS    Get element text element: <xpath->//*[@id="table-id"]/div[2]/div/table/tfoot/tr/td[2]/div>, Spend 1.0351989269256592 seconds,text:<104,325.93>
2020-10-19 22:00:34,771 - root - INFO - SUCCESS    Get element text element: <xpath->//*[@id="table-id"]/div[2]/div/table/tfoot/tr/td[7]/div>, Spend 0.01894855499267578 seconds,text:<2,394,509>
2020-10-19 22:00:34,793 - root - INFO - SUCCESS    Get element text element: <xpath->//*[@id="table-id"]/div[2]/div/table/tfoot/tr/td[8]/div>, Spend 0.02190709114074707 seconds,text:<15,332>
2020-10-19 22:00:34,815 - root - INFO - SUCCESS    Get element text element: <xpath->//*[@id="table-id"]/div[2]/div/table/tfoot/tr/td[3]/div>, Spend 0.021941184997558594 seconds,text:<351>
2020-10-19 22:00:34,840 - root - INFO - SUCCESS    Get element text element: <xpath->//*[@id="table-id"]/div[2]/div/table/tfoot/tr/td[5]/div>, Spend 0.023936748504638672 seconds,text:<304>
2020-10-19 22:00:36,875 - root - INFO - SUCCESS    From js: <window.open('https://docs.qq.com/sheet/DU1F6UVF4a2J4ZkdI?tab=bb08j2')> open a new window and swich into, Spend 2.0355591773986816 seconds
2020-10-19 22:00:38,924 - root - INFO - SUCCESS    Clicked element: <xpath->//*[@id="blankpage-button-pc"]>, Spend 2.048513889312744 seconds
2020-10-19 22:00:39,964 - root - INFO - SUCCESS    Switch to frame element: <id->login_frame>, Spend 1.0402166843414307 seconds
2020-10-19 22:00:40,031 - root - INFO - SUCCESS    Clicked element: <id->img_out_1456904332>, Spend 0.06682157516479492 seconds
2020-10-19 22:00:45,407 - root - INFO - SUCCESS    Double click (440,187) Spend 0.3749973773956299 seconds
2020-10-19 22:00:48,143 - root - INFO - SUCCESS    Element <xpath->//*[@id="alloy-rich-text-editor"]/span> type content: 2020-10-19,and sleep 0.5 seconds,input TAB key, Spend 0.7350339889526367 seconds
2020-10-19 22:00:48,463 - root - INFO - SUCCESS    Double click (40,0) Spend 0.31914639472961426 seconds
2020-10-19 22:00:51,139 - root - INFO - SUCCESS    Element <xpath->//*[@id="alloy-rich-text-editor"]/span> type content: 00:00~22:00,and sleep 0.5 seconds,input TAB key, Spend 0.675189733505249 seconds
2020-10-19 22:00:51,477 - root - INFO - SUCCESS    Double click (100,0) Spend 0.33809542655944824 seconds
2020-10-19 22:00:54,148 - root - INFO - SUCCESS    Element <xpath->//*[@id="alloy-rich-text-editor"]/span> type content: 50,203.27,and sleep 0.5 seconds,input TAB key, Spend 0.6702077388763428 seconds
2020-10-19 22:00:54,477 - root - INFO - SUCCESS    Double click (100,0) Spend 0.32709527015686035 seconds
2020-10-19 22:00:57,140 - root - INFO - SUCCESS    Element <xpath->//*[@id="alloy-rich-text-editor"]/span> type content: 1,481,273,and sleep 0.5 seconds,input TAB key, Spend 0.6610527038574219 seconds
2020-10-19 22:00:57,464 - root - INFO - SUCCESS    Double click (90,0) Spend 0.32309889793395996 seconds
2020-10-19 22:01:00,132 - root - INFO - SUCCESS    Element <xpath->//*[@id="alloy-rich-text-editor"]/span> type content: 7,137,and sleep 0.5 seconds,input TAB key, Spend 0.667076587677002 seconds
2020-10-19 22:01:00,493 - root - INFO - SUCCESS    Double click (160,0) Spend 0.36000490188598633 seconds
2020-10-19 22:01:03,159 - root - INFO - SUCCESS    Element <xpath->//*[@id="alloy-rich-text-editor"]/span> type content: 152,and sleep 0.5 seconds,input TAB key, Spend 0.6651921272277832 seconds
2020-10-19 22:01:03,476 - root - INFO - SUCCESS    Double click (70,0) Spend 0.31615519523620605 seconds
2020-10-19 22:01:06,160 - root - INFO - SUCCESS    Element <xpath->//*[@id="alloy-rich-text-editor"]/span> type content: 127,and sleep 0.5 seconds,input TAB key, Spend 0.6831696033477783 seconds
2020-10-19 22:01:06,492 - root - INFO - SUCCESS    Double click (-440,20) Spend 0.33114004135131836 seconds
2020-10-19 22:01:09,177 - root - INFO - SUCCESS    Element <xpath->//*[@id="alloy-rich-text-editor"]/span> type content: 104,325.93,and sleep 0.5 seconds,input TAB key, Spend 0.6839849948883057 seconds
2020-10-19 22:01:09,534 - root - INFO - SUCCESS    Double click (100,0) Spend 0.3560469150543213 seconds
2020-10-19 22:01:12,199 - root - INFO - SUCCESS    Element <xpath->//*[@id="alloy-rich-text-editor"]/span> type content: 2,394,509,and sleep 0.5 seconds,input TAB key, Spend 0.6631920337677002 seconds
2020-10-19 22:01:12,520 - root - INFO - SUCCESS    Double click (90,0) Spend 0.3201143741607666 seconds
2020-10-19 22:01:15,223 - root - INFO - SUCCESS    Element <xpath->//*[@id="alloy-rich-text-editor"]/span> type content: 15,332,and sleep 0.5 seconds,input TAB key, Spend 0.7021205425262451 seconds
2020-10-19 22:01:15,555 - root - INFO - SUCCESS    Double click (160,0) Spend 0.3310859203338623 seconds
2020-10-19 22:01:18,216 - root - INFO - SUCCESS    Element <xpath->//*[@id="alloy-rich-text-editor"]/span> type content: 351,and sleep 0.5 seconds,input TAB key, Spend 0.6602339744567871 seconds
2020-10-19 22:01:18,551 - root - INFO - SUCCESS    Double click (70,0) Spend 0.33310842514038086 seconds
2020-10-19 22:01:21,210 - root - INFO - SUCCESS    Element <xpath->//*[@id="alloy-rich-text-editor"]/span> type content: 304,and sleep 0.5 seconds,input TAB key, Spend 0.6582705974578857 seconds
2020-10-19 22:01:28,331 - root - INFO - SUCCESS    Closed all window and quit the driver, Spend 2.1203231811523438 seconds
2020-10-19 22:01:28,331 - root - INFO - ###############################  End  ###############################
2020-10-19 22:01:33,911 - root - INFO - 发送邮件成功
