2020-10-20 08:00:00,995 - root - INFO - ############################### START ###############################
2020-10-20 08:00:04,233 - root - INFO - SUCCESS    Start a new browser: Chrome, Spend 3.2363131046295166 seconds
2020-10-20 08:00:06,350 - root - INFO - SUCCESS    Set browser window maximized, Spend 2.117335319519043 seconds
2020-10-20 08:00:08,602 - root - INFO - SUCCESS    Navigated to https://e.qq.com/, Spend 2.2509779930114746 seconds
2020-10-20 08:00:08,645 - root - INFO - SUCCESS    Clicked element: <id->mlogin>, Spend 0.04188871383666992 seconds
2020-10-20 08:00:24,760 - root - INFO - SUCCESS    Switch to frame element: <id->qqLoginFrame>, Spend 6.113644361495972 seconds
2020-10-20 08:00:25,789 - root - INFO - SUCCESS    Switch to frame element: <id->ptlogin_iframe>, Spend 0.028890371322631836 seconds
2020-10-20 08:00:25,893 - root - INFO - SUCCESS    Clicked element: <id->img_out_1456904332>, Spend 0.10274291038513184 seconds
2020-10-20 08:00:32,928 - root - INFO - SUCCESS    From js: <window.open('https://ad.qq.com/atlas/17567682/report/analytic?')> open a new window and swich into, Spend 2.034583806991577 seconds
2020-10-20 08:00:35,101 - root - INFO - SUCCESS    Clicked element: <xpath->//*[@id="content"]/div/div/div/div[2]/div[1]/div/div[1]/div[4]/div/div/div/button[2]>, Spend 2.173159122467041 seconds
2020-10-20 08:00:36,136 - root - INFO - SUCCESS    Get element text element: <xpath->//*[@id="table-id"]/div[2]/div/table/tfoot/tr/td[7]/div>, Spend 1.0352301597595215 seconds,text:<13,813.76>
2020-10-20 08:00:36,159 - root - INFO - SUCCESS    Get element text element: <xpath->//*[@id="table-id"]/div[2]/div/table/tfoot/tr/td[3]/div>, Spend 0.022939205169677734 seconds,text:<337,992>
2020-10-20 08:00:36,187 - root - INFO - SUCCESS    Get element text element: <xpath->//*[@id="table-id"]/div[2]/div/table/tfoot/tr/td[4]/div>, Spend 0.026927709579467773 seconds,text:<1,602>
2020-10-20 08:00:36,213 - root - INFO - SUCCESS    Get element text element: <xpath->//*[@id="table-id"]/div[2]/div/table/tfoot/tr/td[8]/div>, Spend 0.024933576583862305 seconds,text:<34>
2020-10-20 08:00:36,236 - root - INFO - SUCCESS    Get element text element: <xpath->//*[@id="table-id"]/div[2]/div/table/tfoot/tr/td[10]/div>, Spend 0.02293872833251953 seconds,text:<29>
2020-10-20 08:00:38,276 - root - INFO - SUCCESS    From js: <window.open('https://ad.qq.com/atlas/17567678/report/analytic?')> open a new window and swich into, Spend 2.040540933609009 seconds
2020-10-20 08:00:40,468 - root - INFO - SUCCESS    Clicked element: <xpath->//*[@id="content"]/div/div/div/div[2]/div[1]/div/div[1]/div[4]/div/div/div/button[2]>, Spend 2.191138505935669 seconds
2020-10-20 08:00:41,508 - root - INFO - SUCCESS    Get element text element: <xpath->//*[@id="table-id"]/div[2]/div/table/tfoot/tr/td[2]/div>, Spend 1.039219856262207 seconds,text:<26,517.07>
2020-10-20 08:00:41,530 - root - INFO - SUCCESS    Get element text element: <xpath->//*[@id="table-id"]/div[2]/div/table/tfoot/tr/td[7]/div>, Spend 0.02194046974182129 seconds,text:<528,870>
2020-10-20 08:00:41,551 - root - INFO - SUCCESS    Get element text element: <xpath->//*[@id="table-id"]/div[2]/div/table/tfoot/tr/td[8]/div>, Spend 0.020944595336914062 seconds,text:<3,998>
2020-10-20 08:00:41,575 - root - INFO - SUCCESS    Get element text element: <xpath->//*[@id="table-id"]/div[2]/div/table/tfoot/tr/td[3]/div>, Spend 0.023936033248901367 seconds,text:<95>
2020-10-20 08:00:41,604 - root - INFO - SUCCESS    Get element text element: <xpath->//*[@id="table-id"]/div[2]/div/table/tfoot/tr/td[5]/div>, Spend 0.028922319412231445 seconds,text:<80>
2020-10-20 08:00:43,644 - root - INFO - SUCCESS    From js: <window.open('https://docs.qq.com/sheet/DU1F6UVF4a2J4ZkdI?tab=bb08j2')> open a new window and swich into, Spend 2.039543628692627 seconds
2020-10-20 08:00:45,698 - root - INFO - SUCCESS    Clicked element: <xpath->//*[@id="blankpage-button-pc"]>, Spend 2.05250883102417 seconds
2020-10-20 08:00:46,735 - root - INFO - SUCCESS    Switch to frame element: <id->login_frame>, Spend 1.0372238159179688 seconds
2020-10-20 08:00:46,761 - root - INFO - FAIL    Unable to click element: <id->img_out_1456904332>, Spend 0.025931596755981445 seconds
2020-10-20 08:00:48,878 - root - INFO - SUCCESS    Closed all window and quit the driver, Spend 2.1163384914398193 seconds
2020-10-20 08:00:48,878 - root - INFO - ###############################  End  ###############################
2020-10-20 08:00:54,574 - root - INFO - 发送邮件成功
2020-10-20 10:00:01,225 - root - INFO - ############################### START ###############################
2020-10-20 10:00:04,656 - root - INFO - SUCCESS    Start a new browser: Chrome, Spend 3.4208498001098633 seconds
2020-10-20 10:00:06,790 - root - INFO - SUCCESS    Set browser window maximized, Spend 2.1342904567718506 seconds
2020-10-20 10:00:08,677 - root - INFO - SUCCESS    Navigated to https://e.qq.com/, Spend 1.8859562873840332 seconds
2020-10-20 10:00:08,722 - root - INFO - SUCCESS    Clicked element: <id->mlogin>, Spend 0.043881893157958984 seconds
2020-10-20 10:00:25,072 - root - INFO - SUCCESS    Switch to frame element: <id->qqLoginFrame>, Spend 6.349833250045776 seconds
2020-10-20 10:00:26,105 - root - INFO - SUCCESS    Switch to frame element: <id->ptlogin_iframe>, Spend 0.0318751335144043 seconds
2020-10-20 10:00:26,230 - root - INFO - SUCCESS    Clicked element: <id->img_out_1456904332>, Spend 0.1236715316772461 seconds
2020-10-20 10:00:33,270 - root - INFO - SUCCESS    From js: <window.open('https://ad.qq.com/atlas/17567682/report/analytic?')> open a new window and swich into, Spend 2.0395445823669434 seconds
2020-10-20 10:00:35,434 - root - INFO - SUCCESS    Clicked element: <xpath->//*[@id="content"]/div/div/div/div[2]/div[1]/div/div[1]/div[4]/div/div/div/button[2]>, Spend 2.163215160369873 seconds
2020-10-20 10:00:36,470 - root - INFO - SUCCESS    Get element text element: <xpath->//*[@id="table-id"]/div[2]/div/table/tfoot/tr/td[7]/div>, Spend 1.035231113433838 seconds,text:<16,697.33>
2020-10-20 10:00:36,496 - root - INFO - SUCCESS    Get element text element: <xpath->//*[@id="table-id"]/div[2]/div/table/tfoot/tr/td[3]/div>, Spend 0.026928186416625977 seconds,text:<440,249>
2020-10-20 10:00:36,520 - root - INFO - SUCCESS    Get element text element: <xpath->//*[@id="table-id"]/div[2]/div/table/tfoot/tr/td[4]/div>, Spend 0.023935794830322266 seconds,text:<1,928>
2020-10-20 10:00:36,546 - root - INFO - SUCCESS    Get element text element: <xpath->//*[@id="table-id"]/div[2]/div/table/tfoot/tr/td[8]/div>, Spend 0.025930404663085938 seconds,text:<41>
2020-10-20 10:00:36,570 - root - INFO - SUCCESS    Get element text element: <xpath->//*[@id="table-id"]/div[2]/div/table/tfoot/tr/td[10]/div>, Spend 0.02393627166748047 seconds,text:<33>
2020-10-20 10:00:38,609 - root - INFO - SUCCESS    From js: <window.open('https://ad.qq.com/atlas/17567678/report/analytic?')> open a new window and swich into, Spend 2.0385475158691406 seconds
2020-10-20 10:00:40,753 - root - INFO - SUCCESS    Clicked element: <xpath->//*[@id="content"]/div/div/div/div[2]/div[1]/div/div[1]/div[4]/div/div/div/button[2]>, Spend 2.144263505935669 seconds
2020-10-20 10:00:41,788 - root - INFO - SUCCESS    Get element text element: <xpath->//*[@id="table-id"]/div[2]/div/table/tfoot/tr/td[2]/div>, Spend 1.0342330932617188 seconds,text:<49,786.96>
2020-10-20 10:00:41,812 - root - INFO - SUCCESS    Get element text element: <xpath->//*[@id="table-id"]/div[2]/div/table/tfoot/tr/td[7]/div>, Spend 0.023936033248901367 seconds,text:<1,008,436>
2020-10-20 10:00:41,835 - root - INFO - SUCCESS    Get element text element: <xpath->//*[@id="table-id"]/div[2]/div/table/tfoot/tr/td[8]/div>, Spend 0.02191162109375 seconds,text:<6,516>
2020-10-20 10:00:41,858 - root - INFO - SUCCESS    Get element text element: <xpath->//*[@id="table-id"]/div[2]/div/table/tfoot/tr/td[3]/div>, Spend 0.022938013076782227 seconds,text:<170>
2020-10-20 10:00:41,883 - root - INFO - SUCCESS    Get element text element: <xpath->//*[@id="table-id"]/div[2]/div/table/tfoot/tr/td[5]/div>, Spend 0.024933815002441406 seconds,text:<148>
2020-10-20 10:00:43,923 - root - INFO - SUCCESS    From js: <window.open('https://docs.qq.com/sheet/DU1F6UVF4a2J4ZkdI?tab=bb08j2')> open a new window and swich into, Spend 2.0385472774505615 seconds
2020-10-20 10:00:45,978 - root - INFO - SUCCESS    Clicked element: <xpath->//*[@id="blankpage-button-pc"]>, Spend 2.0545029640197754 seconds
2020-10-20 10:00:47,026 - root - INFO - SUCCESS    Switch to frame element: <id->login_frame>, Spend 1.048196792602539 seconds
2020-10-20 10:00:47,095 - root - INFO - SUCCESS    Clicked element: <id->img_out_1456904332>, Spend 0.0688169002532959 seconds
2020-10-20 10:00:52,787 - root - INFO - SUCCESS    Double click (440,187) Spend 0.6901564598083496 seconds
2020-10-20 10:00:55,553 - root - INFO - SUCCESS    Element <xpath->//*[@id="alloy-rich-text-editor"]/span> type content: 2020-10-20,and sleep 0.5 seconds,input TAB key, Spend 0.7649545669555664 seconds
2020-10-20 10:00:55,886 - root - INFO - SUCCESS    Double click (40,0) Spend 0.33211231231689453 seconds
2020-10-20 10:00:58,584 - root - INFO - SUCCESS    Element <xpath->//*[@id="alloy-rich-text-editor"]/span> type content: 00:00~10:00,and sleep 0.5 seconds,input TAB key, Spend 0.6981339454650879 seconds
2020-10-20 10:00:58,944 - root - INFO - SUCCESS    Double click (100,0) Spend 0.36003804206848145 seconds
2020-10-20 10:01:01,630 - root - INFO - SUCCESS    Element <xpath->//*[@id="alloy-rich-text-editor"]/span> type content: 16,697.33,and sleep 0.5 seconds,input TAB key, Spend 0.6851630210876465 seconds
2020-10-20 10:01:01,986 - root - INFO - SUCCESS    Double click (100,0) Spend 0.35505032539367676 seconds
2020-10-20 10:01:04,668 - root - INFO - SUCCESS    Element <xpath->//*[@id="alloy-rich-text-editor"]/span> type content: 440,249,and sleep 0.5 seconds,input TAB key, Spend 0.6811740398406982 seconds
2020-10-20 10:01:04,990 - root - INFO - SUCCESS    Double click (90,0) Spend 0.3221395015716553 seconds
2020-10-20 10:01:07,674 - root - INFO - SUCCESS    Element <xpath->//*[@id="alloy-rich-text-editor"]/span> type content: 1,928,and sleep 0.5 seconds,input TAB key, Spend 0.6821756362915039 seconds
2020-10-20 10:01:08,004 - root - INFO - SUCCESS    Double click (160,0) Spend 0.3291475772857666 seconds
2020-10-20 10:01:10,678 - root - INFO - SUCCESS    Element <xpath->//*[@id="alloy-rich-text-editor"]/span> type content: 41,and sleep 0.5 seconds,input TAB key, Spend 0.6720120906829834 seconds
2020-10-20 10:01:11,002 - root - INFO - SUCCESS    Double click (70,0) Spend 0.32413148880004883 seconds
2020-10-20 10:01:13,665 - root - INFO - SUCCESS    Element <xpath->//*[@id="alloy-rich-text-editor"]/span> type content: 33,and sleep 0.5 seconds,input TAB key, Spend 0.6620376110076904 seconds
2020-10-20 10:01:14,024 - root - INFO - SUCCESS    Double click (-440,20) Spend 0.35806870460510254 seconds
2020-10-20 10:01:16,716 - root - INFO - SUCCESS    Element <xpath->//*[@id="alloy-rich-text-editor"]/span> type content: 49,786.96,and sleep 0.5 seconds,input TAB key, Spend 0.6911518573760986 seconds
2020-10-20 10:01:17,032 - root - INFO - SUCCESS    Double click (100,0) Spend 0.31615304946899414 seconds
2020-10-20 10:01:19,737 - root - INFO - SUCCESS    Element <xpath->//*[@id="alloy-rich-text-editor"]/span> type content: 1,008,436,and sleep 0.5 seconds,input TAB key, Spend 0.7041130065917969 seconds
2020-10-20 10:01:20,066 - root - INFO - SUCCESS    Double click (90,0) Spend 0.32712411880493164 seconds
2020-10-20 10:01:22,743 - root - INFO - SUCCESS    Element <xpath->//*[@id="alloy-rich-text-editor"]/span> type content: 6,516,and sleep 0.5 seconds,input TAB key, Spend 0.6760029792785645 seconds
2020-10-20 10:01:23,097 - root - INFO - SUCCESS    Double click (160,0) Spend 0.353055477142334 seconds
2020-10-20 10:01:25,769 - root - INFO - SUCCESS    Element <xpath->//*[@id="alloy-rich-text-editor"]/span> type content: 170,and sleep 0.5 seconds,input TAB key, Spend 0.6712055206298828 seconds
2020-10-20 10:01:26,100 - root - INFO - SUCCESS    Double click (70,0) Spend 0.331143856048584 seconds
2020-10-20 10:01:28,782 - root - INFO - SUCCESS    Element <xpath->//*[@id="alloy-rich-text-editor"]/span> type content: 148,and sleep 0.5 seconds,input TAB key, Spend 0.6809895038604736 seconds
2020-10-20 10:01:35,921 - root - INFO - SUCCESS    Closed all window and quit the driver, Spend 2.138096570968628 seconds
2020-10-20 10:01:35,921 - root - INFO - ###############################  End  ###############################
2020-10-20 10:01:41,695 - root - INFO - 发送邮件成功
2020-10-20 12:00:01,189 - root - INFO - ############################### START ###############################
2020-10-20 12:00:04,486 - root - INFO - SUCCESS    Start a new browser: Chrome, Spend 3.2842116355895996 seconds
2020-10-20 12:00:06,616 - root - INFO - SUCCESS    Set browser window maximized, Spend 2.1293036937713623 seconds
2020-10-20 12:00:10,819 - root - INFO - SUCCESS    Navigated to https://e.qq.com/, Spend 4.200763940811157 seconds
2020-10-20 12:00:10,860 - root - INFO - SUCCESS    Clicked element: <id->mlogin>, Spend 0.03989386558532715 seconds
2020-10-20 12:00:29,061 - root - INFO - SUCCESS    Switch to frame element: <id->qqLoginFrame>, Spend 8.200061321258545 seconds
2020-10-20 12:00:30,090 - root - INFO - SUCCESS    Switch to frame element: <id->ptlogin_iframe>, Spend 0.02892279624938965 seconds
2020-10-20 12:00:30,188 - root - INFO - SUCCESS    Clicked element: <id->img_out_1456904332>, Spend 0.09774065017700195 seconds
2020-10-20 12:00:37,227 - root - INFO - SUCCESS    From js: <window.open('https://ad.qq.com/atlas/17567682/report/analytic?')> open a new window and swich into, Spend 2.0385475158691406 seconds
2020-10-20 12:00:39,380 - root - INFO - SUCCESS    Clicked element: <xpath->//*[@id="content"]/div/div/div/div[2]/div[1]/div/div[1]/div[4]/div/div/div/button[2]>, Spend 2.15324068069458 seconds
2020-10-20 12:00:40,416 - root - INFO - SUCCESS    Get element text element: <xpath->//*[@id="table-id"]/div[2]/div/table/tfoot/tr/td[7]/div>, Spend 1.0352308750152588 seconds,text:<18,006.03>
2020-10-20 12:00:40,443 - root - INFO - SUCCESS    Get element text element: <xpath->//*[@id="table-id"]/div[2]/div/table/tfoot/tr/td[3]/div>, Spend 0.026927947998046875 seconds,text:<507,573>
2020-10-20 12:00:40,464 - root - INFO - SUCCESS    Get element text element: <xpath->//*[@id="table-id"]/div[2]/div/table/tfoot/tr/td[4]/div>, Spend 0.02094435691833496 seconds,text:<2,173>
2020-10-20 12:00:40,492 - root - INFO - SUCCESS    Get element text element: <xpath->//*[@id="table-id"]/div[2]/div/table/tfoot/tr/td[8]/div>, Spend 0.026927947998046875 seconds,text:<44>
2020-10-20 12:00:40,518 - root - INFO - SUCCESS    Get element text element: <xpath->//*[@id="table-id"]/div[2]/div/table/tfoot/tr/td[10]/div>, Spend 0.02593064308166504 seconds,text:<34>
2020-10-20 12:00:42,556 - root - INFO - SUCCESS    From js: <window.open('https://ad.qq.com/atlas/17567678/report/analytic?')> open a new window and swich into, Spend 2.036564826965332 seconds
2020-10-20 12:00:44,700 - root - INFO - SUCCESS    Clicked element: <xpath->//*[@id="content"]/div/div/div/div[2]/div[1]/div/div[1]/div[4]/div/div/div/button[2]>, Spend 2.14327073097229 seconds
2020-10-20 12:00:45,734 - root - INFO - SUCCESS    Get element text element: <xpath->//*[@id="table-id"]/div[2]/div/table/tfoot/tr/td[2]/div>, Spend 1.034236192703247 seconds,text:<67,987.89>
2020-10-20 12:00:45,757 - root - INFO - SUCCESS    Get element text element: <xpath->//*[@id="table-id"]/div[2]/div/table/tfoot/tr/td[7]/div>, Spend 0.022909879684448242 seconds,text:<1,417,624>
2020-10-20 12:00:45,779 - root - INFO - SUCCESS    Get element text element: <xpath->//*[@id="table-id"]/div[2]/div/table/tfoot/tr/td[8]/div>, Spend 0.021941423416137695 seconds,text:<8,733>
2020-10-20 12:00:45,800 - root - INFO - SUCCESS    Get element text element: <xpath->//*[@id="table-id"]/div[2]/div/table/tfoot/tr/td[3]/div>, Spend 0.020943880081176758 seconds,text:<225>
2020-10-20 12:00:45,826 - root - INFO - SUCCESS    Get element text element: <xpath->//*[@id="table-id"]/div[2]/div/table/tfoot/tr/td[5]/div>, Spend 0.024934053421020508 seconds,text:<193>
2020-10-20 12:00:47,861 - root - INFO - SUCCESS    From js: <window.open('https://docs.qq.com/sheet/DU1F6UVF4a2J4ZkdI?tab=bb08j2')> open a new window and swich into, Spend 2.03359055519104 seconds
2020-10-20 12:00:49,913 - root - INFO - SUCCESS    Clicked element: <xpath->//*[@id="blankpage-button-pc"]>, Spend 2.0525097846984863 seconds
2020-10-20 12:00:50,954 - root - INFO - SUCCESS    Switch to frame element: <id->login_frame>, Spend 1.041215181350708 seconds
2020-10-20 12:00:51,022 - root - INFO - SUCCESS    Clicked element: <id->img_out_1456904332>, Spend 0.06781911849975586 seconds
2020-10-20 12:00:56,456 - root - INFO - SUCCESS    Double click (440,187) Spend 0.4326748847961426 seconds
2020-10-20 12:00:58,487 - root - INFO - FAIL    Unable element <xpath->//*[@id="alloy-rich-text-editor"]/span> type content: 2020-10-20,and sleep 0.5 seconds,input TAB key, Spend 0.030726194381713867 seconds
2020-10-20 12:01:00,653 - root - INFO - SUCCESS    Closed all window and quit the driver, Spend 2.1662068367004395 seconds
2020-10-20 12:01:00,654 - root - INFO - ###############################  End  ###############################
2020-10-20 12:01:05,730 - root - INFO - 发送邮件成功
2020-10-20 12:01:40,456 - root - INFO - ############################### START ###############################
2020-10-20 12:01:43,611 - root - INFO - SUCCESS    Start a new browser: Chrome, Spend 3.154561996459961 seconds
2020-10-20 12:01:45,738 - root - INFO - SUCCESS    Set browser window maximized, Spend 2.12634015083313 seconds
2020-10-20 12:01:47,812 - root - INFO - SUCCESS    Navigated to https://e.qq.com/, Spend 2.073453187942505 seconds
2020-10-20 12:01:47,851 - root - INFO - SUCCESS    Clicked element: <id->mlogin>, Spend 0.038895606994628906 seconds
2020-10-20 12:02:04,742 - root - INFO - SUCCESS    Switch to frame element: <id->qqLoginFrame>, Spend 6.89056396484375 seconds
2020-10-20 12:02:05,772 - root - INFO - SUCCESS    Switch to frame element: <id->ptlogin_iframe>, Spend 0.02973651885986328 seconds
2020-10-20 12:02:05,873 - root - INFO - SUCCESS    Clicked element: <id->img_out_1456904332>, Spend 0.10073089599609375 seconds
2020-10-20 12:02:12,921 - root - INFO - SUCCESS    From js: <window.open('https://ad.qq.com/atlas/17567682/report/analytic?')> open a new window and swich into, Spend 2.0465245246887207 seconds
2020-10-20 12:02:15,064 - root - INFO - SUCCESS    Clicked element: <xpath->//*[@id="content"]/div/div/div/div[2]/div[1]/div/div[1]/div[4]/div/div/div/button[2]>, Spend 2.14229679107666 seconds
2020-10-20 12:02:16,099 - root - INFO - SUCCESS    Get element text element: <xpath->//*[@id="table-id"]/div[2]/div/table/tfoot/tr/td[7]/div>, Spend 1.0342330932617188 seconds,text:<18,062.53>
2020-10-20 12:02:16,122 - root - INFO - SUCCESS    Get element text element: <xpath->//*[@id="table-id"]/div[2]/div/table/tfoot/tr/td[3]/div>, Spend 0.022939205169677734 seconds,text:<510,588>
2020-10-20 12:02:16,147 - root - INFO - SUCCESS    Get element text element: <xpath->//*[@id="table-id"]/div[2]/div/table/tfoot/tr/td[4]/div>, Spend 0.023957490921020508 seconds,text:<2,182>
2020-10-20 12:02:16,171 - root - INFO - SUCCESS    Get element text element: <xpath->//*[@id="table-id"]/div[2]/div/table/tfoot/tr/td[8]/div>, Spend 0.02390742301940918 seconds,text:<44>
2020-10-20 12:02:16,198 - root - INFO - SUCCESS    Get element text element: <xpath->//*[@id="table-id"]/div[2]/div/table/tfoot/tr/td[10]/div>, Spend 0.025931358337402344 seconds,text:<34>
2020-10-20 12:02:18,236 - root - INFO - SUCCESS    From js: <window.open('https://ad.qq.com/atlas/17567678/report/analytic?')> open a new window and swich into, Spend 2.0375499725341797 seconds
2020-10-20 12:02:20,373 - root - INFO - SUCCESS    Clicked element: <xpath->//*[@id="content"]/div/div/div/div[2]/div[1]/div/div[1]/div[4]/div/div/div/button[2]>, Spend 2.1363117694854736 seconds
2020-10-20 12:02:21,405 - root - INFO - SUCCESS    Get element text element: <xpath->//*[@id="table-id"]/div[2]/div/table/tfoot/tr/td[2]/div>, Spend 1.032212495803833 seconds,text:<68,689.60>
2020-10-20 12:02:21,431 - root - INFO - SUCCESS    Get element text element: <xpath->//*[@id="table-id"]/div[2]/div/table/tfoot/tr/td[7]/div>, Spend 0.02393627166748047 seconds,text:<1,434,355>
2020-10-20 12:02:21,453 - root - INFO - SUCCESS    Get element text element: <xpath->//*[@id="table-id"]/div[2]/div/table/tfoot/tr/td[8]/div>, Spend 0.020943164825439453 seconds,text:<8,821>
2020-10-20 12:02:21,474 - root - INFO - SUCCESS    Get element text element: <xpath->//*[@id="table-id"]/div[2]/div/table/tfoot/tr/td[3]/div>, Spend 0.02094411849975586 seconds,text:<225>
2020-10-20 12:02:21,501 - root - INFO - SUCCESS    Get element text element: <xpath->//*[@id="table-id"]/div[2]/div/table/tfoot/tr/td[5]/div>, Spend 0.025959014892578125 seconds,text:<193>
2020-10-20 12:02:23,540 - root - INFO - SUCCESS    From js: <window.open('https://docs.qq.com/sheet/DU1F6UVF4a2J4ZkdI?tab=bb08j2')> open a new window and swich into, Spend 2.0385470390319824 seconds
2020-10-20 12:02:25,594 - root - INFO - SUCCESS    Clicked element: <xpath->//*[@id="blankpage-button-pc"]>, Spend 2.0534791946411133 seconds
2020-10-20 12:02:26,627 - root - INFO - SUCCESS    Switch to frame element: <id->login_frame>, Spend 1.033236026763916 seconds
2020-10-20 12:02:26,689 - root - INFO - SUCCESS    Clicked element: <id->img_out_1456904332>, Spend 0.06183576583862305 seconds
2020-10-20 12:02:32,095 - root - INFO - SUCCESS    Double click (440,187) Spend 0.4039187431335449 seconds
2020-10-20 12:02:34,836 - root - INFO - SUCCESS    Element <xpath->//*[@id="alloy-rich-text-editor"]/span> type content: 2020-10-20,and sleep 0.5 seconds,input TAB key, Spend 0.7398276329040527 seconds
2020-10-20 12:02:35,176 - root - INFO - SUCCESS    Double click (40,0) Spend 0.3390934467315674 seconds
2020-10-20 12:02:37,863 - root - INFO - SUCCESS    Element <xpath->//*[@id="alloy-rich-text-editor"]/span> type content: 00:00~12:00,and sleep 0.5 seconds,input TAB key, Spend 0.686969518661499 seconds
2020-10-20 12:02:38,224 - root - INFO - SUCCESS    Double click (100,0) Spend 0.36003804206848145 seconds
2020-10-20 12:02:40,912 - root - INFO - SUCCESS    Element <xpath->//*[@id="alloy-rich-text-editor"]/span> type content: 18,062.53,and sleep 0.5 seconds,input TAB key, Spend 0.6870050430297852 seconds
2020-10-20 12:02:41,238 - root - INFO - SUCCESS    Double click (100,0) Spend 0.32613062858581543 seconds
2020-10-20 12:02:43,916 - root - INFO - SUCCESS    Element <xpath->//*[@id="alloy-rich-text-editor"]/span> type content: 510,588,and sleep 0.5 seconds,input TAB key, Spend 0.6772143840789795 seconds
2020-10-20 12:02:44,249 - root - INFO - SUCCESS    Double click (90,0) Spend 0.3321113586425781 seconds
2020-10-20 12:02:46,926 - root - INFO - SUCCESS    Element <xpath->//*[@id="alloy-rich-text-editor"]/span> type content: 2,182,and sleep 0.5 seconds,input TAB key, Spend 0.6741936206817627 seconds
2020-10-20 12:02:47,269 - root - INFO - SUCCESS    Double click (160,0) Spend 0.3420846462249756 seconds
2020-10-20 12:02:49,939 - root - INFO - SUCCESS    Element <xpath->//*[@id="alloy-rich-text-editor"]/span> type content: 44,and sleep 0.5 seconds,input TAB key, Spend 0.66921067237854 seconds
2020-10-20 12:02:50,281 - root - INFO - SUCCESS    Double click (70,0) Spend 0.3410606384277344 seconds
2020-10-20 12:02:52,929 - root - INFO - SUCCESS    Element <xpath->//*[@id="alloy-rich-text-editor"]/span> type content: 34,and sleep 0.5 seconds,input TAB key, Spend 0.6462678909301758 seconds
2020-10-20 12:02:53,271 - root - INFO - SUCCESS    Double click (-440,20) Spend 0.3420860767364502 seconds
2020-10-20 12:02:55,950 - root - INFO - SUCCESS    Element <xpath->//*[@id="alloy-rich-text-editor"]/span> type content: 68,689.60,and sleep 0.5 seconds,input TAB key, Spend 0.6780054569244385 seconds
2020-10-20 12:02:56,292 - root - INFO - SUCCESS    Double click (100,0) Spend 0.34108805656433105 seconds
2020-10-20 12:02:58,974 - root - INFO - SUCCESS    Element <xpath->//*[@id="alloy-rich-text-editor"]/span> type content: 1,434,355,and sleep 0.5 seconds,input TAB key, Spend 0.6800177097320557 seconds
2020-10-20 12:02:59,296 - root - INFO - SUCCESS    Double click (90,0) Spend 0.32216668128967285 seconds
2020-10-20 12:03:02,009 - root - INFO - SUCCESS    Element <xpath->//*[@id="alloy-rich-text-editor"]/span> type content: 8,821,and sleep 0.5 seconds,input TAB key, Spend 0.711129903793335 seconds
2020-10-20 12:03:02,335 - root - INFO - SUCCESS    Double click (160,0) Spend 0.3260970115661621 seconds
2020-10-20 12:03:05,008 - root - INFO - SUCCESS    Element <xpath->//*[@id="alloy-rich-text-editor"]/span> type content: 225,and sleep 0.5 seconds,input TAB key, Spend 0.6720173358917236 seconds
2020-10-20 12:03:05,364 - root - INFO - SUCCESS    Double click (70,0) Spend 0.3560471534729004 seconds
2020-10-20 12:03:08,035 - root - INFO - SUCCESS    Element <xpath->//*[@id="alloy-rich-text-editor"]/span> type content: 193,and sleep 0.5 seconds,input TAB key, Spend 0.6682350635528564 seconds
2020-10-20 12:03:15,182 - root - INFO - SUCCESS    Closed all window and quit the driver, Spend 2.1452581882476807 seconds
2020-10-20 12:03:15,182 - root - INFO - ###############################  End  ###############################
2020-10-20 12:03:19,398 - root - INFO - 发送邮件成功
2020-10-20 14:00:01,367 - root - INFO - ############################### START ###############################
2020-10-20 14:00:05,146 - root - INFO - SUCCESS    Start a new browser: Chrome, Spend 3.770909070968628 seconds
2020-10-20 14:00:07,265 - root - INFO - SUCCESS    Set browser window maximized, Spend 2.117335557937622 seconds
2020-10-20 14:00:13,750 - root - INFO - SUCCESS    Navigated to https://e.qq.com/, Spend 6.485651254653931 seconds
2020-10-20 14:00:13,793 - root - INFO - SUCCESS    Clicked element: <id->mlogin>, Spend 0.04288530349731445 seconds
2020-10-20 14:00:34,749 - root - INFO - SUCCESS    Switch to frame element: <id->qqLoginFrame>, Spend 10.955504417419434 seconds
2020-10-20 14:00:35,780 - root - INFO - SUCCESS    Switch to frame element: <id->ptlogin_iframe>, Spend 0.029920339584350586 seconds
2020-10-20 14:00:35,878 - root - INFO - SUCCESS    Clicked element: <id->img_out_1456904332>, Spend 0.09773921966552734 seconds
2020-10-20 14:00:43,766 - root - INFO - SUCCESS    From js: <window.open('https://ad.qq.com/atlas/17567682/report/analytic?')> open a new window and swich into, Spend 2.8872768878936768 seconds
2020-10-20 14:00:49,441 - root - INFO - SUCCESS    Clicked element: <xpath->//*[@id="content"]/div/div/div/div[2]/div[1]/div/div[1]/div[4]/div/div/div/button[2]>, Spend 5.674820899963379 seconds
2020-10-20 14:00:50,567 - root - INFO - SUCCESS    Get element text element: <xpath->//*[@id="table-id"]/div[2]/div/table/tfoot/tr/td[7]/div>, Spend 1.1259872913360596 seconds,text:<20,628.98>
2020-10-20 14:00:50,593 - root - INFO - SUCCESS    Get element text element: <xpath->//*[@id="table-id"]/div[2]/div/table/tfoot/tr/td[3]/div>, Spend 0.02593064308166504 seconds,text:<603,074>
2020-10-20 14:00:50,623 - root - INFO - SUCCESS    Get element text element: <xpath->//*[@id="table-id"]/div[2]/div/table/tfoot/tr/td[4]/div>, Spend 0.028923511505126953 seconds,text:<2,622>
2020-10-20 14:00:50,650 - root - INFO - SUCCESS    Get element text element: <xpath->//*[@id="table-id"]/div[2]/div/table/tfoot/tr/td[8]/div>, Spend 0.026957273483276367 seconds,text:<54>
2020-10-20 14:00:50,677 - root - INFO - SUCCESS    Get element text element: <xpath->//*[@id="table-id"]/div[2]/div/table/tfoot/tr/td[10]/div>, Spend 0.02793741226196289 seconds,text:<41>
2020-10-20 14:00:52,714 - root - INFO - SUCCESS    From js: <window.open('https://ad.qq.com/atlas/17567678/report/analytic?')> open a new window and swich into, Spend 2.036511182785034 seconds
2020-10-20 14:00:54,849 - root - INFO - SUCCESS    Clicked element: <xpath->//*[@id="content"]/div/div/div/div[2]/div[1]/div/div[1]/div[4]/div/div/div/button[2]>, Spend 2.1342923641204834 seconds
2020-10-20 14:00:55,883 - root - INFO - SUCCESS    Get element text element: <xpath->//*[@id="table-id"]/div[2]/div/table/tfoot/tr/td[2]/div>, Spend 1.033238172531128 seconds,text:<76,593.52>
2020-10-20 14:00:55,903 - root - INFO - SUCCESS    Get element text element: <xpath->//*[@id="table-id"]/div[2]/div/table/tfoot/tr/td[7]/div>, Spend 0.02091503143310547 seconds,text:<1,667,798>
2020-10-20 14:00:55,923 - root - INFO - SUCCESS    Get element text element: <xpath->//*[@id="table-id"]/div[2]/div/table/tfoot/tr/td[8]/div>, Spend 0.018949031829833984 seconds,text:<9,947>
2020-10-20 14:00:55,947 - root - INFO - SUCCESS    Get element text element: <xpath->//*[@id="table-id"]/div[2]/div/table/tfoot/tr/td[3]/div>, Spend 0.023964405059814453 seconds,text:<250>
2020-10-20 14:00:55,971 - root - INFO - SUCCESS    Get element text element: <xpath->//*[@id="table-id"]/div[2]/div/table/tfoot/tr/td[5]/div>, Spend 0.022910356521606445 seconds,text:<212>
2020-10-20 14:00:58,010 - root - INFO - SUCCESS    From js: <window.open('https://docs.qq.com/sheet/DU1F6UVF4a2J4ZkdI?tab=bb08j2')> open a new window and swich into, Spend 2.038520097732544 seconds
2020-10-20 14:01:00,729 - root - INFO - SUCCESS    Clicked element: <xpath->//*[@id="blankpage-button-pc"]>, Spend 2.7187280654907227 seconds
2020-10-20 14:01:02,630 - root - INFO - SUCCESS    Switch to frame element: <id->login_frame>, Spend 1.9009408950805664 seconds
2020-10-20 14:01:02,730 - root - INFO - SUCCESS    Clicked element: <id->img_out_1456904332>, Spend 0.09970974922180176 seconds
2020-10-20 14:01:08,049 - root - INFO - SUCCESS    Double click (440,187) Spend 0.31612586975097656 seconds
2020-10-20 14:01:10,841 - root - INFO - SUCCESS    Element <xpath->//*[@id="alloy-rich-text-editor"]/span> type content: 2020-10-20,and sleep 0.5 seconds,input TAB key, Spend 0.7918822765350342 seconds
2020-10-20 14:01:11,216 - root - INFO - SUCCESS    Double click (40,0) Spend 0.3749973773956299 seconds
2020-10-20 14:01:13,972 - root - INFO - SUCCESS    Element <xpath->//*[@id="alloy-rich-text-editor"]/span> type content: 00:00~14:00,and sleep 0.5 seconds,input TAB key, Spend 0.7540080547332764 seconds
2020-10-20 14:01:14,326 - root - INFO - SUCCESS    Double click (100,0) Spend 0.3530275821685791 seconds
2020-10-20 14:01:17,026 - root - INFO - SUCCESS    Element <xpath->//*[@id="alloy-rich-text-editor"]/span> type content: 20,628.98,and sleep 0.5 seconds,input TAB key, Spend 0.6989736557006836 seconds
2020-10-20 14:01:17,364 - root - INFO - SUCCESS    Double click (100,0) Spend 0.33809638023376465 seconds
2020-10-20 14:01:20,062 - root - INFO - SUCCESS    Element <xpath->//*[@id="alloy-rich-text-editor"]/span> type content: 603,074,and sleep 0.5 seconds,input TAB key, Spend 0.6969547271728516 seconds
2020-10-20 14:01:20,398 - root - INFO - SUCCESS    Double click (90,0) Spend 0.33510637283325195 seconds
2020-10-20 14:01:23,083 - root - INFO - SUCCESS    Element <xpath->//*[@id="alloy-rich-text-editor"]/span> type content: 2,622,and sleep 0.5 seconds,input TAB key, Spend 0.6839845180511475 seconds
2020-10-20 14:01:23,431 - root - INFO - SUCCESS    Double click (160,0) Spend 0.3480699062347412 seconds
2020-10-20 14:01:26,118 - root - INFO - SUCCESS    Element <xpath->//*[@id="alloy-rich-text-editor"]/span> type content: 54,and sleep 0.5 seconds,input TAB key, Spend 0.684985876083374 seconds
2020-10-20 14:01:26,459 - root - INFO - SUCCESS    Double click (70,0) Spend 0.34108710289001465 seconds
2020-10-20 14:01:29,142 - root - INFO - SUCCESS    Element <xpath->//*[@id="alloy-rich-text-editor"]/span> type content: 41,and sleep 0.5 seconds,input TAB key, Spend 0.6821739673614502 seconds
2020-10-20 14:01:29,488 - root - INFO - SUCCESS    Double click (-440,20) Spend 0.3450779914855957 seconds
2020-10-20 14:01:32,166 - root - INFO - SUCCESS    Element <xpath->//*[@id="alloy-rich-text-editor"]/span> type content: 76,593.52,and sleep 0.5 seconds,input TAB key, Spend 0.6770172119140625 seconds
2020-10-20 14:01:32,494 - root - INFO - SUCCESS    Double click (100,0) Spend 0.32715439796447754 seconds
2020-10-20 14:01:35,170 - root - INFO - SUCCESS    Element <xpath->//*[@id="alloy-rich-text-editor"]/span> type content: 1,667,798,and sleep 0.5 seconds,input TAB key, Spend 0.6760106086730957 seconds
2020-10-20 14:01:35,500 - root - INFO - SUCCESS    Double click (90,0) Spend 0.3291194438934326 seconds
2020-10-20 14:01:38,179 - root - INFO - SUCCESS    Element <xpath->//*[@id="alloy-rich-text-editor"]/span> type content: 9,947,and sleep 0.5 seconds,input TAB key, Spend 0.6781816482543945 seconds
2020-10-20 14:01:38,508 - root - INFO - SUCCESS    Double click (160,0) Spend 0.3271522521972656 seconds
2020-10-20 14:01:41,177 - root - INFO - SUCCESS    Element <xpath->//*[@id="alloy-rich-text-editor"]/span> type content: 250,and sleep 0.5 seconds,input TAB key, Spend 0.6690242290496826 seconds
2020-10-20 14:01:41,502 - root - INFO - SUCCESS    Double click (70,0) Spend 0.32410144805908203 seconds
2020-10-20 14:01:44,171 - root - INFO - SUCCESS    Element <xpath->//*[@id="alloy-rich-text-editor"]/span> type content: 212,and sleep 0.5 seconds,input TAB key, Spend 0.667022705078125 seconds
2020-10-20 14:01:51,329 - root - INFO - SUCCESS    Closed all window and quit the driver, Spend 2.157226085662842 seconds
2020-10-20 14:01:51,330 - root - INFO - ###############################  End  ###############################
2020-10-20 14:02:00,669 - root - INFO - 发送邮件成功
2020-10-20 16:00:01,292 - root - INFO - ############################### START ###############################
2020-10-20 16:00:04,683 - root - INFO - SUCCESS    Start a new browser: Chrome, Spend 3.385944128036499 seconds
2020-10-20 16:00:06,797 - root - INFO - SUCCESS    Set browser window maximized, Spend 2.1143441200256348 seconds
2020-10-20 16:00:10,241 - root - INFO - SUCCESS    Navigated to https://e.qq.com/, Spend 3.443795680999756 seconds
2020-10-20 16:00:10,282 - root - INFO - SUCCESS    Clicked element: <id->mlogin>, Spend 0.04088306427001953 seconds
2020-10-20 16:00:20,312 - root - INFO - SUCCESS    Switch to frame element: <id->qqLoginFrame>, Spend 0.02792215347290039 seconds
2020-10-20 16:00:21,340 - root - INFO - SUCCESS    Switch to frame element: <id->ptlogin_iframe>, Spend 0.026928186416625977 seconds
2020-10-20 16:00:21,436 - root - INFO - SUCCESS    Clicked element: <id->img_out_1456904332>, Spend 0.09574437141418457 seconds
2020-10-20 16:00:28,468 - root - INFO - SUCCESS    From js: <window.open('https://ad.qq.com/atlas/17567682/report/analytic?')> open a new window and swich into, Spend 2.0305655002593994 seconds
2020-10-20 16:00:30,622 - root - INFO - SUCCESS    Clicked element: <xpath->//*[@id="content"]/div/div/div/div[2]/div[1]/div/div[1]/div[4]/div/div/div/button[2]>, Spend 2.153275966644287 seconds
2020-10-20 16:00:31,656 - root - INFO - SUCCESS    Get element text element: <xpath->//*[@id="table-id"]/div[2]/div/table/tfoot/tr/td[7]/div>, Spend 1.0342261791229248 seconds,text:<22,601.43>
2020-10-20 16:00:31,681 - root - INFO - SUCCESS    Get element text element: <xpath->//*[@id="table-id"]/div[2]/div/table/tfoot/tr/td[3]/div>, Spend 0.024904727935791016 seconds,text:<669,600>
2020-10-20 16:00:31,707 - root - INFO - SUCCESS    Get element text element: <xpath->//*[@id="table-id"]/div[2]/div/table/tfoot/tr/td[4]/div>, Spend 0.02593064308166504 seconds,text:<2,891>
2020-10-20 16:00:31,732 - root - INFO - SUCCESS    Get element text element: <xpath->//*[@id="table-id"]/div[2]/div/table/tfoot/tr/td[8]/div>, Spend 0.023936748504638672 seconds,text:<57>
2020-10-20 16:00:31,758 - root - INFO - SUCCESS    Get element text element: <xpath->//*[@id="table-id"]/div[2]/div/table/tfoot/tr/td[10]/div>, Spend 0.025905132293701172 seconds,text:<44>
2020-10-20 16:00:33,796 - root - INFO - SUCCESS    From js: <window.open('https://ad.qq.com/atlas/17567678/report/analytic?')> open a new window and swich into, Spend 2.037550687789917 seconds
2020-10-20 16:00:35,959 - root - INFO - SUCCESS    Clicked element: <xpath->//*[@id="content"]/div/div/div/div[2]/div[1]/div/div[1]/div[4]/div/div/div/button[2]>, Spend 2.1632137298583984 seconds
2020-10-20 16:00:36,995 - root - INFO - SUCCESS    Get element text element: <xpath->//*[@id="table-id"]/div[2]/div/table/tfoot/tr/td[2]/div>, Spend 1.0352294445037842 seconds,text:<79,972.09>
2020-10-20 16:00:37,020 - root - INFO - SUCCESS    Get element text element: <xpath->//*[@id="table-id"]/div[2]/div/table/tfoot/tr/td[7]/div>, Spend 0.023934602737426758 seconds,text:<1,773,045>
2020-10-20 16:00:37,045 - root - INFO - SUCCESS    Get element text element: <xpath->//*[@id="table-id"]/div[2]/div/table/tfoot/tr/td[8]/div>, Spend 0.0249326229095459 seconds,text:<10,531>
2020-10-20 16:00:37,070 - root - INFO - SUCCESS    Get element text element: <xpath->//*[@id="table-id"]/div[2]/div/table/tfoot/tr/td[3]/div>, Spend 0.024934053421020508 seconds,text:<257>
2020-10-20 16:00:37,099 - root - INFO - SUCCESS    Get element text element: <xpath->//*[@id="table-id"]/div[2]/div/table/tfoot/tr/td[5]/div>, Spend 0.02892279624938965 seconds,text:<220>
2020-10-20 16:00:39,143 - root - INFO - SUCCESS    From js: <window.open('https://docs.qq.com/sheet/DU1F6UVF4a2J4ZkdI?tab=bb08j2')> open a new window and swich into, Spend 2.042494058609009 seconds
2020-10-20 16:00:41,194 - root - INFO - SUCCESS    Clicked element: <xpath->//*[@id="blankpage-button-pc"]>, Spend 2.049515962600708 seconds
2020-10-20 16:00:42,325 - root - INFO - SUCCESS    Switch to frame element: <id->login_frame>, Spend 1.1309735774993896 seconds
2020-10-20 16:00:42,396 - root - INFO - SUCCESS    Clicked element: <id->img_out_1456904332>, Spend 0.07081198692321777 seconds
2020-10-20 16:00:47,727 - root - INFO - SUCCESS    Double click (440,187) Spend 0.33011531829833984 seconds
2020-10-20 16:01:05,287 - root - INFO - FAIL    Unable element <xpath->//*[@id="alloy-rich-text-editor"]/span> type content: 2020-10-20,and sleep 0.5 seconds,input TAB key, Spend 15.559384107589722 seconds
2020-10-20 16:01:07,433 - root - INFO - SUCCESS    Closed all window and quit the driver, Spend 2.144261121749878 seconds
2020-10-20 16:01:07,433 - root - INFO - ###############################  End  ###############################
2020-10-20 16:01:13,321 - root - INFO - 发送邮件成功
2020-10-20 17:16:05,733 - root - INFO - ############################### START ###############################
2020-10-20 17:16:08,858 - root - INFO - SUCCESS    Start a new browser: Chrome, Spend 3.123645067214966 seconds
2020-10-20 17:16:10,974 - root - INFO - SUCCESS    Set browser window maximized, Spend 2.1153411865234375 seconds
2020-10-20 17:16:14,058 - root - INFO - SUCCESS    Navigated to https://e.qq.com/, Spend 3.0837244987487793 seconds
2020-10-20 17:16:14,116 - root - INFO - SUCCESS    Clicked element: <id->mlogin>, Spend 0.05684709548950195 seconds
2020-10-20 17:16:30,750 - root - INFO - SUCCESS    Switch to frame element: <id->qqLoginFrame>, Spend 6.630265235900879 seconds
2020-10-20 17:16:31,776 - root - INFO - SUCCESS    Switch to frame element: <id->ptlogin_iframe>, Spend 0.02592611312866211 seconds
2020-10-20 17:16:31,873 - root - INFO - SUCCESS    Clicked element: <id->img_out_1456904332>, Spend 0.09574508666992188 seconds
2020-10-20 17:16:38,908 - root - INFO - SUCCESS    From js: <window.open('https://ad.qq.com/atlas/17567682/report/analytic?')> open a new window and swich into, Spend 2.0345582962036133 seconds
2020-10-20 17:16:41,076 - root - INFO - SUCCESS    Clicked element: <xpath->//*[@id="content"]/div/div/div/div[2]/div[1]/div/div[1]/div[4]/div/div/div/button[2]>, Spend 2.1682004928588867 seconds
2020-10-20 17:16:42,111 - root - INFO - SUCCESS    Get element text element: <xpath->//*[@id="table-id"]/div[2]/div/table/tfoot/tr/td[7]/div>, Spend 1.0352308750152588 seconds,text:<23,814.54>
2020-10-20 17:16:42,135 - root - INFO - SUCCESS    Get element text element: <xpath->//*[@id="table-id"]/div[2]/div/table/tfoot/tr/td[3]/div>, Spend 0.021941423416137695 seconds,text:<708,526>
2020-10-20 17:16:42,162 - root - INFO - SUCCESS    Get element text element: <xpath->//*[@id="table-id"]/div[2]/div/table/tfoot/tr/td[4]/div>, Spend 0.02689647674560547 seconds,text:<3,070>
2020-10-20 17:16:42,186 - root - INFO - SUCCESS    Get element text element: <xpath->//*[@id="table-id"]/div[2]/div/table/tfoot/tr/td[8]/div>, Spend 0.023935317993164062 seconds,text:<60>
2020-10-20 17:16:42,211 - root - INFO - SUCCESS    Get element text element: <xpath->//*[@id="table-id"]/div[2]/div/table/tfoot/tr/td[10]/div>, Spend 0.02393507957458496 seconds,text:<47>
2020-10-20 17:16:44,268 - root - INFO - SUCCESS    From js: <window.open('https://ad.qq.com/atlas/17567678/report/analytic?')> open a new window and swich into, Spend 2.0565004348754883 seconds
2020-10-20 17:16:46,424 - root - INFO - SUCCESS    Clicked element: <xpath->//*[@id="content"]/div/div/div/div[2]/div[1]/div/div[1]/div[4]/div/div/div/button[2]>, Spend 2.1552345752716064 seconds
2020-10-20 17:16:47,460 - root - INFO - SUCCESS    Get element text element: <xpath->//*[@id="table-id"]/div[2]/div/table/tfoot/tr/td[2]/div>, Spend 1.0362272262573242 seconds,text:<81,702.64>
2020-10-20 17:16:47,485 - root - INFO - SUCCESS    Get element text element: <xpath->//*[@id="table-id"]/div[2]/div/table/tfoot/tr/td[7]/div>, Spend 0.023935556411743164 seconds,text:<1,826,309>
2020-10-20 17:16:47,509 - root - INFO - SUCCESS    Get element text element: <xpath->//*[@id="table-id"]/div[2]/div/table/tfoot/tr/td[8]/div>, Spend 0.022939205169677734 seconds,text:<10,767>
2020-10-20 17:16:47,533 - root - INFO - SUCCESS    Get element text element: <xpath->//*[@id="table-id"]/div[2]/div/table/tfoot/tr/td[3]/div>, Spend 0.02293848991394043 seconds,text:<260>
2020-10-20 17:16:47,559 - root - INFO - SUCCESS    Get element text element: <xpath->//*[@id="table-id"]/div[2]/div/table/tfoot/tr/td[5]/div>, Spend 0.0249330997467041 seconds,text:<222>
2020-10-20 17:16:49,604 - root - INFO - SUCCESS    From js: <window.open('https://docs.qq.com/sheet/DU1F6UVF4a2J4ZkdI?tab=bb08j2')> open a new window and swich into, Spend 2.0455286502838135 seconds
2020-10-20 17:16:51,661 - root - INFO - SUCCESS    Clicked element: <xpath->//*[@id="blankpage-button-pc"]>, Spend 2.0544793605804443 seconds
2020-10-20 17:16:52,701 - root - INFO - SUCCESS    Switch to frame element: <id->login_frame>, Spend 1.0402171611785889 seconds
2020-10-20 17:16:52,769 - root - INFO - SUCCESS    Clicked element: <id->img_out_1456904332>, Spend 0.06682252883911133 seconds
2020-10-20 17:16:58,200 - root - INFO - SUCCESS    Double click (440,187) Spend 0.4308457374572754 seconds
2020-10-20 17:17:00,944 - root - INFO - SUCCESS    Element <xpath->//*[@id="alloy-rich-text-editor"]/span> type content: 2020-10-20,and sleep 0.5 seconds,input TAB key, Spend 0.7420148849487305 seconds
2020-10-20 17:17:01,287 - root - INFO - SUCCESS    Double click (40,0) Spend 0.342087984085083 seconds
2020-10-20 17:17:03,982 - root - INFO - SUCCESS    Element <xpath->//*[@id="alloy-rich-text-editor"]/span> type content: 00:00~17:00,and sleep 0.5 seconds,input TAB key, Spend 0.6931455135345459 seconds
2020-10-20 17:17:04,335 - root - INFO - SUCCESS    Double click (100,0) Spend 0.3530559539794922 seconds
2020-10-20 17:17:07,067 - root - INFO - SUCCESS    Element <xpath->//*[@id="alloy-rich-text-editor"]/span> type content: 23,814.54,and sleep 0.5 seconds,input TAB key, Spend 0.7320413589477539 seconds
2020-10-20 17:17:07,402 - root - INFO - SUCCESS    Double click (100,0) Spend 0.3341057300567627 seconds
2020-10-20 17:17:10,073 - root - INFO - SUCCESS    Element <xpath->//*[@id="alloy-rich-text-editor"]/span> type content: 708,526,and sleep 0.5 seconds,input TAB key, Spend 0.6702077388763428 seconds
2020-10-20 17:17:10,403 - root - INFO - SUCCESS    Double click (90,0) Spend 0.3291497230529785 seconds
2020-10-20 17:17:13,077 - root - INFO - SUCCESS    Element <xpath->//*[@id="alloy-rich-text-editor"]/span> type content: 3,070,and sleep 0.5 seconds,input TAB key, Spend 0.6731996536254883 seconds
2020-10-20 17:17:13,422 - root - INFO - SUCCESS    Double click (160,0) Spend 0.3451042175292969 seconds
2020-10-20 17:17:16,097 - root - INFO - SUCCESS    Element <xpath->//*[@id="alloy-rich-text-editor"]/span> type content: 60,and sleep 0.5 seconds,input TAB key, Spend 0.6731991767883301 seconds
2020-10-20 17:17:16,429 - root - INFO - SUCCESS    Double click (70,0) Spend 0.33214497566223145 seconds
2020-10-20 17:17:19,095 - root - INFO - SUCCESS    Element <xpath->//*[@id="alloy-rich-text-editor"]/span> type content: 47,and sleep 0.5 seconds,input TAB key, Spend 0.6650388240814209 seconds
2020-10-20 17:17:19,451 - root - INFO - SUCCESS    Double click (-440,20) Spend 0.35502028465270996 seconds
2020-10-20 17:17:22,138 - root - INFO - SUCCESS    Element <xpath->//*[@id="alloy-rich-text-editor"]/span> type content: 81,702.64,and sleep 0.5 seconds,input TAB key, Spend 0.6851644515991211 seconds
2020-10-20 17:17:22,465 - root - INFO - SUCCESS    Double click (100,0) Spend 0.32712435722351074 seconds
2020-10-20 17:17:25,185 - root - INFO - SUCCESS    Element <xpath->//*[@id="alloy-rich-text-editor"]/span> type content: 1,826,309,and sleep 0.5 seconds,input TAB key, Spend 0.7181229591369629 seconds
2020-10-20 17:17:25,526 - root - INFO - SUCCESS    Double click (90,0) Spend 0.3400895595550537 seconds
2020-10-20 17:17:28,223 - root - INFO - SUCCESS    Element <xpath->//*[@id="alloy-rich-text-editor"]/span> type content: 10,767,and sleep 0.5 seconds,input TAB key, Spend 0.6961674690246582 seconds
2020-10-20 17:17:28,597 - root - INFO - SUCCESS    Double click (160,0) Spend 0.37397122383117676 seconds
2020-10-20 17:17:31,280 - root - INFO - SUCCESS    Element <xpath->//*[@id="alloy-rich-text-editor"]/span> type content: 260,and sleep 0.5 seconds,input TAB key, Spend 0.6811745166778564 seconds
2020-10-20 17:17:31,611 - root - INFO - SUCCESS    Double click (70,0) Spend 0.32912230491638184 seconds
2020-10-20 17:17:34,303 - root - INFO - SUCCESS    Element <xpath->//*[@id="alloy-rich-text-editor"]/span> type content: 222,and sleep 0.5 seconds,input TAB key, Spend 0.6911482810974121 seconds
2020-10-20 17:17:41,453 - root - INFO - SUCCESS    Closed all window and quit the driver, Spend 2.1492533683776855 seconds
2020-10-20 17:17:41,453 - root - INFO - ###############################  End  ###############################
2020-10-20 17:17:47,114 - root - INFO - 发送邮件成功
2020-10-20 18:00:00,978 - root - INFO - ############################### START ###############################
2020-10-20 18:00:04,286 - root - INFO - SUCCESS    Start a new browser: Chrome, Spend 3.299149990081787 seconds
2020-10-20 18:00:06,419 - root - INFO - SUCCESS    Set browser window maximized, Spend 2.1322972774505615 seconds
2020-10-20 18:00:08,425 - root - INFO - SUCCESS    Navigated to https://e.qq.com/, Spend 2.0046372413635254 seconds
2020-10-20 18:00:08,468 - root - INFO - SUCCESS    Clicked element: <id->mlogin>, Spend 0.041887521743774414 seconds
2020-10-20 18:00:25,146 - root - INFO - SUCCESS    Switch to frame element: <id->qqLoginFrame>, Spend 6.678133487701416 seconds
2020-10-20 18:00:26,171 - root - INFO - SUCCESS    Switch to frame element: <id->ptlogin_iframe>, Spend 0.02492976188659668 seconds
2020-10-20 18:00:26,273 - root - INFO - SUCCESS    Clicked element: <id->img_out_1456904332>, Spend 0.10073089599609375 seconds
2020-10-20 18:00:33,326 - root - INFO - SUCCESS    From js: <window.open('https://ad.qq.com/atlas/17567682/report/analytic?')> open a new window and swich into, Spend 2.0525104999542236 seconds
2020-10-20 18:00:35,488 - root - INFO - SUCCESS    Clicked element: <xpath->//*[@id="content"]/div/div/div/div[2]/div[1]/div/div[1]/div[4]/div/div/div/button[2]>, Spend 2.160221815109253 seconds
2020-10-20 18:00:37,531 - root - INFO - SUCCESS    Get element text element: <xpath->//*[@id="table-id"]/div[2]/div/table/tfoot/tr/td[7]/div>, Spend 2.041539192199707 seconds,text:<24,336.88>
2020-10-20 18:00:37,555 - root - INFO - SUCCESS    Get element text element: <xpath->//*[@id="table-id"]/div[2]/div/table/tfoot/tr/td[3]/div>, Spend 0.023935794830322266 seconds,text:<730,619>
2020-10-20 18:00:37,580 - root - INFO - SUCCESS    Get element text element: <xpath->//*[@id="table-id"]/div[2]/div/table/tfoot/tr/td[4]/div>, Spend 0.024934053421020508 seconds,text:<3,197>
2020-10-20 18:00:37,607 - root - INFO - SUCCESS    Get element text element: <xpath->//*[@id="table-id"]/div[2]/div/table/tfoot/tr/td[8]/div>, Spend 0.025930166244506836 seconds,text:<60>
2020-10-20 18:00:37,633 - root - INFO - SUCCESS    Get element text element: <xpath->//*[@id="table-id"]/div[2]/div/table/tfoot/tr/td[10]/div>, Spend 0.024932146072387695 seconds,text:<47>
2020-10-20 18:00:39,678 - root - INFO - SUCCESS    From js: <window.open('https://ad.qq.com/atlas/17567678/report/analytic?')> open a new window and swich into, Spend 2.045531988143921 seconds
2020-10-20 18:00:41,826 - root - INFO - SUCCESS    Clicked element: <xpath->//*[@id="content"]/div/div/div/div[2]/div[1]/div/div[1]/div[4]/div/div/div/button[2]>, Spend 2.146256685256958 seconds
2020-10-20 18:00:42,863 - root - INFO - SUCCESS    Get element text element: <xpath->//*[@id="table-id"]/div[2]/div/table/tfoot/tr/td[2]/div>, Spend 1.0362286567687988 seconds,text:<82,515.29>
2020-10-20 18:00:42,888 - root - INFO - SUCCESS    Get element text element: <xpath->//*[@id="table-id"]/div[2]/div/table/tfoot/tr/td[7]/div>, Spend 0.024932384490966797 seconds,text:<1,852,335>
2020-10-20 18:00:42,911 - root - INFO - SUCCESS    Get element text element: <xpath->//*[@id="table-id"]/div[2]/div/table/tfoot/tr/td[8]/div>, Spend 0.02293848991394043 seconds,text:<10,896>
2020-10-20 18:00:42,937 - root - INFO - SUCCESS    Get element text element: <xpath->//*[@id="table-id"]/div[2]/div/table/tfoot/tr/td[3]/div>, Spend 0.025931119918823242 seconds,text:<262>
2020-10-20 18:00:42,965 - root - INFO - SUCCESS    Get element text element: <xpath->//*[@id="table-id"]/div[2]/div/table/tfoot/tr/td[5]/div>, Spend 0.0279541015625 seconds,text:<224>
2020-10-20 18:00:45,023 - root - INFO - SUCCESS    From js: <window.open('https://docs.qq.com/sheet/DU1F6UVF4a2J4ZkdI?tab=bb08j2')> open a new window and swich into, Spend 2.0574681758880615 seconds
2020-10-20 18:00:47,074 - root - INFO - SUCCESS    Clicked element: <xpath->//*[@id="blankpage-button-pc"]>, Spend 2.049515962600708 seconds
2020-10-20 18:00:48,137 - root - INFO - SUCCESS    Switch to frame element: <id->login_frame>, Spend 1.063155174255371 seconds
2020-10-20 18:00:48,225 - root - INFO - SUCCESS    Clicked element: <id->img_out_1456904332>, Spend 0.08676934242248535 seconds
2020-10-20 18:00:53,594 - root - INFO - SUCCESS    Double click (440,187) Spend 0.36798620223999023 seconds
2020-10-20 18:00:56,325 - root - INFO - SUCCESS    Element <xpath->//*[@id="alloy-rich-text-editor"]/span> type content: 2020-10-20,and sleep 0.5 seconds,input TAB key, Spend 0.7298846244812012 seconds
2020-10-20 18:00:56,648 - root - INFO - SUCCESS    Double click (40,0) Spend 0.3231363296508789 seconds
2020-10-20 18:00:59,329 - root - INFO - SUCCESS    Element <xpath->//*[@id="alloy-rich-text-editor"]/span> type content: 00:00~18:00,and sleep 0.5 seconds,input TAB key, Spend 0.6799938678741455 seconds
2020-10-20 18:00:59,660 - root - INFO - SUCCESS    Double click (100,0) Spend 0.33114027976989746 seconds
2020-10-20 18:01:02,335 - root - INFO - SUCCESS    Element <xpath->//*[@id="alloy-rich-text-editor"]/span> type content: 24,336.88,and sleep 0.5 seconds,input TAB key, Spend 0.6740555763244629 seconds
2020-10-20 18:01:02,688 - root - INFO - SUCCESS    Double click (100,0) Spend 0.3530237674713135 seconds
2020-10-20 18:01:05,349 - root - INFO - SUCCESS    Element <xpath->//*[@id="alloy-rich-text-editor"]/span> type content: 730,619,and sleep 0.5 seconds,input TAB key, Spend 0.6602621078491211 seconds
2020-10-20 18:01:05,677 - root - INFO - SUCCESS    Double click (90,0) Spend 0.32709741592407227 seconds
2020-10-20 18:01:08,344 - root - INFO - SUCCESS    Element <xpath->//*[@id="alloy-rich-text-editor"]/span> type content: 3,197,and sleep 0.5 seconds,input TAB key, Spend 0.6662149429321289 seconds
2020-10-20 18:01:08,686 - root - INFO - SUCCESS    Double click (160,0) Spend 0.34108734130859375 seconds
2020-10-20 18:01:11,333 - root - INFO - SUCCESS    Element <xpath->//*[@id="alloy-rich-text-editor"]/span> type content: 60,and sleep 0.5 seconds,input TAB key, Spend 0.6462709903717041 seconds
2020-10-20 18:01:11,655 - root - INFO - SUCCESS    Double click (70,0) Spend 0.32111310958862305 seconds
2020-10-20 18:01:14,295 - root - INFO - SUCCESS    Element <xpath->//*[@id="alloy-rich-text-editor"]/span> type content: 47,and sleep 0.5 seconds,input TAB key, Spend 0.6392865180969238 seconds
2020-10-20 18:01:14,632 - root - INFO - SUCCESS    Double click (-440,20) Spend 0.3371267318725586 seconds
2020-10-20 18:01:17,316 - root - INFO - SUCCESS    Element <xpath->//*[@id="alloy-rich-text-editor"]/span> type content: 82,515.29,and sleep 0.5 seconds,input TAB key, Spend 0.6829850673675537 seconds
2020-10-20 18:01:17,648 - root - INFO - SUCCESS    Double click (100,0) Spend 0.33011746406555176 seconds
2020-10-20 18:01:20,347 - root - INFO - SUCCESS    Element <xpath->//*[@id="alloy-rich-text-editor"]/span> type content: 1,852,335,and sleep 0.5 seconds,input TAB key, Spend 0.6979846954345703 seconds
2020-10-20 18:01:20,687 - root - INFO - SUCCESS    Double click (90,0) Spend 0.3400609493255615 seconds
2020-10-20 18:01:23,373 - root - INFO - SUCCESS    Element <xpath->//*[@id="alloy-rich-text-editor"]/span> type content: 10,896,and sleep 0.5 seconds,input TAB key, Spend 0.6861653327941895 seconds
2020-10-20 18:01:23,703 - root - INFO - SUCCESS    Double click (160,0) Spend 0.3291194438934326 seconds
2020-10-20 18:01:26,409 - root - INFO - SUCCESS    Element <xpath->//*[@id="alloy-rich-text-editor"]/span> type content: 262,and sleep 0.5 seconds,input TAB key, Spend 0.705925703048706 seconds
2020-10-20 18:01:26,723 - root - INFO - SUCCESS    Double click (70,0) Spend 0.31316065788269043 seconds
2020-10-20 18:01:29,382 - root - INFO - SUCCESS    Element <xpath->//*[@id="alloy-rich-text-editor"]/span> type content: 224,and sleep 0.5 seconds,input TAB key, Spend 0.658236026763916 seconds
2020-10-20 18:01:36,512 - root - INFO - SUCCESS    Closed all window and quit the driver, Spend 2.1291584968566895 seconds
2020-10-20 18:01:36,512 - root - INFO - ###############################  End  ###############################
2020-10-20 18:01:42,444 - root - INFO - 发送邮件成功
2020-10-20 20:00:01,054 - root - INFO - ############################### START ###############################
2020-10-20 20:00:04,199 - root - INFO - SUCCESS    Start a new browser: Chrome, Spend 3.1445534229278564 seconds
2020-10-20 20:00:06,319 - root - INFO - SUCCESS    Set browser window maximized, Spend 2.119330644607544 seconds
2020-10-20 20:00:08,157 - root - INFO - SUCCESS    Navigated to https://e.qq.com/, Spend 1.8380844593048096 seconds
2020-10-20 20:00:08,195 - root - INFO - SUCCESS    Clicked element: <id->mlogin>, Spend 0.03789782524108887 seconds
2020-10-20 20:00:24,321 - root - INFO - SUCCESS    Switch to frame element: <id->qqLoginFrame>, Spend 6.125452280044556 seconds
2020-10-20 20:00:25,348 - root - INFO - SUCCESS    Switch to frame element: <id->ptlogin_iframe>, Spend 0.024760961532592773 seconds
2020-10-20 20:00:25,442 - root - INFO - SUCCESS    Clicked element: <id->img_out_1456904332>, Spend 0.0937490463256836 seconds
2020-10-20 20:00:32,473 - root - INFO - SUCCESS    From js: <window.open('https://ad.qq.com/atlas/17567682/report/analytic?')> open a new window and swich into, Spend 2.0305655002593994 seconds
2020-10-20 20:00:47,559 - root - INFO - FAIL    Unable to click element: <xpath->//*[@id="content"]/div/div/div/div[2]/div[1]/div/div[1]/div[4]/div/div/div/button[2]>, Spend 15.08664870262146 seconds
2020-10-20 20:00:49,648 - root - INFO - SUCCESS    Closed all window and quit the driver, Spend 2.0876102447509766 seconds
2020-10-20 20:00:49,648 - root - INFO - ###############################  End  ###############################
2020-10-20 20:00:56,078 - root - INFO - 发送邮件成功
2020-10-20 22:00:01,064 - root - INFO - ############################### START ###############################
2020-10-20 22:00:04,213 - root - INFO - SUCCESS    Start a new browser: Chrome, Spend 3.149542808532715 seconds
2020-10-20 22:00:06,328 - root - INFO - SUCCESS    Set browser window maximized, Spend 2.1133460998535156 seconds
2020-10-20 22:00:08,612 - root - INFO - SUCCESS    Navigated to https://e.qq.com/, Spend 2.2828927040100098 seconds
2020-10-20 22:00:08,655 - root - INFO - SUCCESS    Clicked element: <id->mlogin>, Spend 0.04388308525085449 seconds
2020-10-20 22:00:24,688 - root - INFO - SUCCESS    Switch to frame element: <id->qqLoginFrame>, Spend 6.031865835189819 seconds
2020-10-20 22:00:25,716 - root - INFO - SUCCESS    Switch to frame element: <id->ptlogin_iframe>, Spend 0.027921199798583984 seconds
2020-10-20 22:00:25,811 - root - INFO - SUCCESS    Clicked element: <id->img_out_1456904332>, Spend 0.09474706649780273 seconds
2020-10-20 22:00:32,842 - root - INFO - SUCCESS    From js: <window.open('https://ad.qq.com/atlas/17567682/report/analytic?')> open a new window and swich into, Spend 2.0293824672698975 seconds
2020-10-20 22:00:35,000 - root - INFO - SUCCESS    Clicked element: <xpath->//*[@id="content"]/div/div/div/div[2]/div[1]/div/div[1]/div[4]/div/div/div/button[2]>, Spend 2.1582283973693848 seconds
2020-10-20 22:00:36,033 - root - INFO - SUCCESS    Get element text element: <xpath->//*[@id="table-id"]/div[2]/div/table/tfoot/tr/td[7]/div>, Spend 1.032238245010376 seconds,text:<29,461.57>
2020-10-20 22:00:36,058 - root - INFO - SUCCESS    Get element text element: <xpath->//*[@id="table-id"]/div[2]/div/table/tfoot/tr/td[3]/div>, Spend 0.02393198013305664 seconds,text:<961,187>
2020-10-20 22:00:36,082 - root - INFO - SUCCESS    Get element text element: <xpath->//*[@id="table-id"]/div[2]/div/table/tfoot/tr/td[4]/div>, Spend 0.023935556411743164 seconds,text:<4,227>
2020-10-20 22:00:36,105 - root - INFO - SUCCESS    Get element text element: <xpath->//*[@id="table-id"]/div[2]/div/table/tfoot/tr/td[8]/div>, Spend 0.02293872833251953 seconds,text:<77>
2020-10-20 22:00:36,130 - root - INFO - SUCCESS    Get element text element: <xpath->//*[@id="table-id"]/div[2]/div/table/tfoot/tr/td[10]/div>, Spend 0.024932861328125 seconds,text:<58>
2020-10-20 22:00:38,172 - root - INFO - SUCCESS    From js: <window.open('https://ad.qq.com/atlas/17567678/report/analytic?')> open a new window and swich into, Spend 2.0405423641204834 seconds
2020-10-20 22:00:40,315 - root - INFO - SUCCESS    Clicked element: <xpath->//*[@id="content"]/div/div/div/div[2]/div[1]/div/div[1]/div[4]/div/div/div/button[2]>, Spend 2.1432666778564453 seconds
2020-10-20 22:00:41,348 - root - INFO - SUCCESS    Get element text element: <xpath->//*[@id="table-id"]/div[2]/div/table/tfoot/tr/td[2]/div>, Spend 1.031212568283081 seconds,text:<86,940.14>
2020-10-20 22:00:41,370 - root - INFO - SUCCESS    Get element text element: <xpath->//*[@id="table-id"]/div[2]/div/table/tfoot/tr/td[7]/div>, Spend 0.02194046974182129 seconds,text:<1,994,494>
2020-10-20 22:00:41,390 - root - INFO - SUCCESS    Get element text element: <xpath->//*[@id="table-id"]/div[2]/div/table/tfoot/tr/td[8]/div>, Spend 0.01994776725769043 seconds,text:<11,761>
2020-10-20 22:00:41,412 - root - INFO - SUCCESS    Get element text element: <xpath->//*[@id="table-id"]/div[2]/div/table/tfoot/tr/td[3]/div>, Spend 0.021941184997558594 seconds,text:<277>
2020-10-20 22:00:41,438 - root - INFO - SUCCESS    Get element text element: <xpath->//*[@id="table-id"]/div[2]/div/table/tfoot/tr/td[5]/div>, Spend 0.0249330997467041 seconds,text:<234>
2020-10-20 22:00:43,472 - root - INFO - SUCCESS    From js: <window.open('https://docs.qq.com/sheet/DU1F6UVF4a2J4ZkdI?tab=bb08j2')> open a new window and swich into, Spend 2.03458309173584 seconds
2020-10-20 22:00:45,523 - root - INFO - SUCCESS    Clicked element: <xpath->//*[@id="blankpage-button-pc"]>, Spend 2.0494937896728516 seconds
2020-10-20 22:00:46,569 - root - INFO - SUCCESS    Switch to frame element: <id->login_frame>, Spend 1.0462009906768799 seconds
2020-10-20 22:00:46,637 - root - INFO - SUCCESS    Clicked element: <id->img_out_1456904332>, Spend 0.06682133674621582 seconds
2020-10-20 22:00:52,020 - root - INFO - SUCCESS    Double click (440,187) Spend 0.38197970390319824 seconds
2020-10-20 22:00:54,757 - root - INFO - SUCCESS    Element <xpath->//*[@id="alloy-rich-text-editor"]/span> type content: 2020-10-20,and sleep 0.5 seconds,input TAB key, Spend 0.7370259761810303 seconds
2020-10-20 22:00:55,091 - root - INFO - SUCCESS    Double click (40,0) Spend 0.3341350555419922 seconds
2020-10-20 22:00:57,765 - root - INFO - SUCCESS    Element <xpath->//*[@id="alloy-rich-text-editor"]/span> type content: 00:00~22:00,and sleep 0.5 seconds,input TAB key, Spend 0.6731960773468018 seconds
2020-10-20 22:00:58,110 - root - INFO - SUCCESS    Double click (100,0) Spend 0.3450772762298584 seconds
2020-10-20 22:01:00,778 - root - INFO - SUCCESS    Element <xpath->//*[@id="alloy-rich-text-editor"]/span> type content: 29,461.57,and sleep 0.5 seconds,input TAB key, Spend 0.6660561561584473 seconds
2020-10-20 22:01:01,091 - root - INFO - SUCCESS    Double click (100,0) Spend 0.31313562393188477 seconds
2020-10-20 22:01:03,763 - root - INFO - SUCCESS    Element <xpath->//*[@id="alloy-rich-text-editor"]/span> type content: 961,187,and sleep 0.5 seconds,input TAB key, Spend 0.6702067852020264 seconds
2020-10-20 22:01:04,083 - root - INFO - SUCCESS    Double click (90,0) Spend 0.31914687156677246 seconds
2020-10-20 22:01:06,743 - root - INFO - SUCCESS    Element <xpath->//*[@id="alloy-rich-text-editor"]/span> type content: 4,227,and sleep 0.5 seconds,input TAB key, Spend 0.6591017246246338 seconds
2020-10-20 22:01:07,069 - root - INFO - SUCCESS    Double click (160,0) Spend 0.3260984420776367 seconds
2020-10-20 22:01:09,741 - root - INFO - SUCCESS    Element <xpath->//*[@id="alloy-rich-text-editor"]/span> type content: 77,and sleep 0.5 seconds,input TAB key, Spend 0.6712002754211426 seconds
2020-10-20 22:01:10,081 - root - INFO - SUCCESS    Double click (70,0) Spend 0.3400897979736328 seconds
2020-10-20 22:01:12,758 - root - INFO - SUCCESS    Element <xpath->//*[@id="alloy-rich-text-editor"]/span> type content: 58,and sleep 0.5 seconds,input TAB key, Spend 0.6741924285888672 seconds
2020-10-20 22:01:13,101 - root - INFO - SUCCESS    Double click (-440,20) Spend 0.3431107997894287 seconds
2020-10-20 22:01:15,796 - root - INFO - SUCCESS    Element <xpath->//*[@id="alloy-rich-text-editor"]/span> type content: 86,940.14,and sleep 0.5 seconds,input TAB key, Spend 0.6931443214416504 seconds
2020-10-20 22:01:16,121 - root - INFO - SUCCESS    Double click (100,0) Spend 0.32512927055358887 seconds
2020-10-20 22:01:18,794 - root - INFO - SUCCESS    Element <xpath->//*[@id="alloy-rich-text-editor"]/span> type content: 1,994,494,and sleep 0.5 seconds,input TAB key, Spend 0.671018123626709 seconds
2020-10-20 22:01:19,141 - root - INFO - SUCCESS    Double click (90,0) Spend 0.34607505798339844 seconds
2020-10-20 22:01:21,808 - root - INFO - SUCCESS    Element <xpath->//*[@id="alloy-rich-text-editor"]/span> type content: 11,761,and sleep 0.5 seconds,input TAB key, Spend 0.6650891304016113 seconds
2020-10-20 22:01:22,130 - root - INFO - SUCCESS    Double click (160,0) Spend 0.3221409320831299 seconds
2020-10-20 22:01:24,800 - root - INFO - SUCCESS    Element <xpath->//*[@id="alloy-rich-text-editor"]/span> type content: 277,and sleep 0.5 seconds,input TAB key, Spend 0.6692078113555908 seconds
2020-10-20 22:01:25,141 - root - INFO - SUCCESS    Double click (70,0) Spend 0.34108686447143555 seconds
2020-10-20 22:01:27,802 - root - INFO - SUCCESS    Element <xpath->//*[@id="alloy-rich-text-editor"]/span> type content: 234,and sleep 0.5 seconds,input TAB key, Spend 0.6600785255432129 seconds
2020-10-20 22:01:34,928 - root - INFO - SUCCESS    Closed all window and quit the driver, Spend 2.125312089920044 seconds
2020-10-20 22:01:34,928 - root - INFO - ###############################  End  ###############################
2020-10-20 22:01:40,593 - root - INFO - 发送邮件成功
